Log file open, 05/12/19 23:31:45
LogWindows: Failed to load 'aqProf.dll' (GetLastError=126)
LogWindows: File 'aqProf.dll' does not exist
LogWindows: Failed to load 'VtuneApi.dll' (GetLastError=126)
LogWindows: File 'VtuneApi.dll' does not exist
LogWindows: Failed to load 'VtuneApi32e.dll' (GetLastError=126)
LogWindows: File 'VtuneApi32e.dll' does not exist
LogConsoleResponse: Display: Failed to find resolution value strings in scalability ini. Falling back to default.
LogInit: Display: Running engine for game: Proj_2
LogPakFile: Registered encryption key '00000000000000000000000000000000': 0 pak files mounted, 0 remain pending
LogPlatformFile: Not using cached read wrapper
LogTaskGraph: Started task graph with 5 named threads and 35 total threads with 3 sets of task threads.
LogStats: Stats thread started at 0.413000
LogD3D11RHI: Loaded GFSDK_Aftermath_Lib.x64.dll
LogICUInternationalization: ICU TimeZone Detection - Raw Offset: -5:00, Platform Override: ''
LogPluginManager: Mounting plugin Paper2D
LogPluginManager: Mounting plugin AISupport
LogPluginManager: Mounting plugin LightPropagationVolume
LogPluginManager: Mounting plugin ActorLayerUtilities
LogPluginManager: Mounting plugin CLionSourceCodeAccess
LogPluginManager: Mounting plugin CodeLiteSourceCodeAccess
LogPluginManager: Mounting plugin GitSourceControl
LogPluginManager: Mounting plugin KDevelopSourceCodeAccess
LogPluginManager: Mounting plugin NullSourceCodeAccess
LogPluginManager: Mounting plugin PerforceSourceControl
LogPluginManager: Mounting plugin SubversionSourceControl
LogPluginManager: Mounting plugin UObjectPlugin
LogPluginManager: Mounting plugin VisualStudioCodeSourceCodeAccess
LogPluginManager: Mounting plugin VisualStudioSourceCodeAccess
LogPluginManager: Mounting plugin XCodeSourceCodeAccess
LogPluginManager: Mounting plugin AssetManagerEditor
LogPluginManager: Mounting plugin CryptoKeys
LogPluginManager: Mounting plugin DataValidation
LogPluginManager: Mounting plugin FacialAnimation
LogPluginManager: Mounting plugin GameplayTagsEditor
LogPluginManager: Mounting plugin MacGraphicsSwitching
LogPluginManager: Mounting plugin MeshEditor
LogPluginManager: Mounting plugin MobileLauncherProfileWizard
LogPluginManager: Mounting plugin PluginBrowser
LogPluginManager: Mounting plugin SpeedTreeImporter
LogPluginManager: Mounting plugin DatasmithContent
LogPluginManager: Mounting plugin VariantManagerContent
LogPluginManager: Mounting plugin AlembicImporter
LogPluginManager: Mounting plugin AppleImageUtils
LogPluginManager: Mounting plugin AppleVision
LogPluginManager: Mounting plugin BackChannel
LogPluginManager: Mounting plugin CharacterAI
LogPluginManager: Mounting plugin GeometryCache
LogPluginManager: Mounting plugin HTML5Networking
LogPluginManager: Mounting plugin ProxyLODPlugin
LogPluginManager: Mounting plugin MagicLeap
LogPluginManager: Mounting plugin MagicLeapMedia
LogPluginManager: Mounting plugin AndroidMedia
LogPluginManager: Mounting plugin AvfMedia
LogPluginManager: Mounting plugin ImgMedia
LogPluginManager: Mounting plugin LinearTimecode
LogPluginManager: Mounting plugin MediaCompositing
LogPluginManager: Mounting plugin MediaPlayerEditor
LogPluginManager: Mounting plugin WebMMedia
LogPluginManager: Mounting plugin WmfMedia
LogPluginManager: Mounting plugin TcpMessaging
LogPluginManager: Mounting plugin UdpMessaging
LogPluginManager: Mounting plugin ActorSequence
LogPluginManager: Mounting plugin LevelSequenceEditor
LogPluginManager: Mounting plugin MatineeToLevelSequence
LogPluginManager: Mounting plugin NetcodeUnitTest
LogPluginManager: Mounting plugin NUTUnrealEngine4
LogPluginManager: Mounting plugin OnlineSubsystemGooglePlay
LogPluginManager: Mounting plugin OnlineSubsystemIOS
LogPluginManager: Mounting plugin OnlineSubsystem
LogPluginManager: Mounting plugin OnlineSubsystemNull
LogPluginManager: Mounting plugin OnlineSubsystemUtils
LogPluginManager: Mounting plugin LauncherChunkInstaller
LogPluginManager: Mounting plugin AndroidDeviceProfileSelector
LogPluginManager: Mounting plugin AndroidMoviePlayer
LogPluginManager: Mounting plugin AndroidPermission
LogPluginManager: Mounting plugin AppleMoviePlayer
LogPluginManager: Mounting plugin ArchVisCharacter
LogPluginManager: Mounting plugin AudioCapture
LogPluginManager: Mounting plugin CableComponent
LogPluginManager: Mounting plugin CustomMeshComponent
LogPluginManager: Mounting plugin EditableMesh
LogPluginManager: Mounting plugin ExampleDeviceProfileSelector
LogPluginManager: Mounting plugin Firebase
LogPluginManager: Mounting plugin GoogleCloudMessaging
LogPluginManager: Mounting plugin IOSDeviceProfileSelector
LogPluginManager: Mounting plugin LinuxDeviceProfileSelector
LogPluginManager: Mounting plugin LocationServicesBPLibrary
LogPluginManager: Mounting plugin MobilePatchingUtils
LogPluginManager: Mounting plugin OculusVR
LogPluginManager: Mounting plugin PhysXVehicles
LogPluginManager: Mounting plugin ProceduralMeshComponent
LogPluginManager: Mounting plugin RuntimePhysXCooking
LogPluginManager: Mounting plugin SteamVR
LogPluginManager: Mounting plugin WebMMoviePlayer
LogPluginManager: Mounting plugin WindowsMoviePlayer
LogStreaming: Display: Took  0.104s to configure plugins.
LogInit: Using libcurl 7.55.1-DEV
LogInit:  - built for x86_64-pc-win32
LogInit:  - supports SSL with OpenSSL/1.0.2h
LogInit:  - supports HTTP deflate (compression) using libz 1.2.8
LogInit:  - other features:
LogInit:      CURL_VERSION_SSL
LogInit:      CURL_VERSION_LIBZ
LogInit:      CURL_VERSION_IPV6
LogInit:      CURL_VERSION_ASYNCHDNS
LogInit:      CURL_VERSION_LARGEFILE
LogInit:      CURL_VERSION_IDN
LogInit:  CurlRequestOptions (configurable via config and command line):
LogInit:  - bVerifyPeer = true  - Libcurl will verify peer certificate
LogInit:  - bUseHttpProxy = false  - Libcurl will NOT use HTTP proxy
LogInit:  - bDontReuseConnections = false  - Libcurl will reuse connections
LogInit:  - MaxHostConnections = 16  - Libcurl will limit the number of connections to a host
LogInit:  - LocalHostAddr = Default
LogInit:  - BufferSize = 65536
LogInit: WinSock: version 1.1 (2.2), MaxSocks=32767, MaxUdp=65467
LogInit: Build: ++UE4+Release-4.21-CL-4753647
LogInit: Engine Version: 4.21.2-4753647+++UE4+Release-4.21
LogInit: Compatible Engine Version: 4.21.0-4541578+++UE4+Release-4.21
LogInit: Net CL: 4541578
LogInit: OS: Windows 10 (), CPU: Intel(R) Core(TM) i7-8750H CPU @ 2.20GHz, GPU: Intel(R) UHD Graphics 630
LogInit: Compiled (64-bit): Jan 19 2019 02:07:31
LogInit: Compiled with Visual C++: 19.13.26129.00
LogInit: Build Configuration: Development
LogInit: Branch Name: ++UE4+Release-4.21
LogInit: Command Line: 
LogInit: Base Directory: C:/Program Files/Epic Games/UE_4.21/Engine/Binaries/Win64/
LogInit: Installed Engine Build: 1
LogDevObjectVersion: Number of dev versions registered: 22
LogDevObjectVersion:   Dev-Blueprints (B0D832E4-1F89-4F0D-ACCF-7EB736FD4AA2): 10
LogDevObjectVersion:   Dev-Build (E1C64328-A22C-4D53-A36C-8E866417BD8C): 0
LogDevObjectVersion:   Dev-Core (375EC13C-06E4-48FB-B500-84F0262A717E): 2
LogDevObjectVersion:   Dev-Editor (E4B068ED-F494-42E9-A231-DA0B2E46BB41): 26
LogDevObjectVersion:   Dev-Framework (CFFC743F-43B0-4480-9391-14DF171D2073): 34
LogDevObjectVersion:   Dev-Mobile (B02B49B5-BB20-44E9-A304-32B752E40360): 2
LogDevObjectVersion:   Dev-Networking (A4E4105C-59A1-49B5-A7C5-40C4547EDFEE): 0
LogDevObjectVersion:   Dev-Online (39C831C9-5AE6-47DC-9A44-9C173E1C8E7C): 0
LogDevObjectVersion:   Dev-Physics (78F01B33-EBEA-4F98-B9B4-84EACCB95AA2): 0
LogDevObjectVersion:   Dev-Platform (6631380F-2D4D-43E0-8009-CF276956A95A): 0
LogDevObjectVersion:   Dev-Rendering (12F88B9F-8875-4AFC-A67C-D90C383ABD29): 27
LogDevObjectVersion:   Dev-Sequencer (7B5AE74C-D270-4C10-A958-57980B212A5A): 9
LogDevObjectVersion:   Dev-VR (D7296918-1DD6-4BDD-9DE2-64A83CC13884): 2
LogDevObjectVersion:   Dev-LoadTimes (C2A15278-BFE7-4AFE-6C17-90FF531DF755): 1
LogDevObjectVersion:   Private-Geometry (6EACA3D4-40EC-4CC1-B786-8BED09428FC5): 3
LogDevObjectVersion:   Dev-AnimPhys (29E575DD-E0A3-4627-9D10-D276232CDCEA): 17
LogDevObjectVersion:   Dev-Anim (AF43A65D-7FD3-4947-9873-3E8ED9C1BB05): 2
LogDevObjectVersion:   Dev-ReflectionCapture (6B266CEC-1EC7-4B8F-A30B-E4D90942FC07): 1
LogDevObjectVersion:   Dev-Automation (0DF73D61-A23F-47EA-B727-89E90C41499A): 1
LogDevObjectVersion:   FortniteMain (601D1886-AC64-4F84-AA16-D3DE0DEAC7D6): 17
LogDevObjectVersion:   Dev-Enterprise (9DFFBCD6-494F-0158-E221-12823C92A888): 4
LogDevObjectVersion:   Dev-Niagara (F2AED0AC-9AFE-416F-8664-AA7FFA26D6FC): 1
LogStreaming: Display: Took  0.001s to delete old logs.
LogInit: Presizing for max 8388607 objects, including 0 objects not considered by GC, pre-allocating 0 bytes for permanent pool.
LogInit: Object subsystem initialized
LogConfig: Setting CVar [[con.DebugEarlyDefault:1]]
LogConfig: Setting CVar [[r.setres:1280x720]]
[2019.05.13-03.31.45:420][  0]LogConfig: Setting CVar [[r.VSync:0]]
[2019.05.13-03.31.45:420][  0]LogConfig: Setting CVar [[r.RHICmdBypass:0]]
[2019.05.13-03.31.45:421][  0]LogConfig: Applying CVar settings from Section [/Script/Engine.RendererSettings] File [D:/NYU/First Year Semester II/Level Design Studio/LevelDesignFinal/Proj_2/Saved/Config/Windows/Engine.ini]
[2019.05.13-03.31.45:421][  0]LogConfig: Setting CVar [[r.GPUCrashDebugging:0]]
[2019.05.13-03.31.45:421][  0]LogConfig: Setting CVar [[r.MobileHDR:1]]
[2019.05.13-03.31.45:421][  0]LogConfig: Setting CVar [[r.Mobile.DisableVertexFog:1]]
[2019.05.13-03.31.45:421][  0]LogConfig: Setting CVar [[r.Shadow.CSM.MaxMobileCascades:2]]
[2019.05.13-03.31.45:421][  0]LogConfig: Setting CVar [[r.MobileMSAA:1]]
[2019.05.13-03.31.45:421][  0]LogConfig: Setting CVar [[r.Mobile.UseLegacyShadingModel:0]]
[2019.05.13-03.31.45:421][  0]LogConfig: Setting CVar [[r.Mobile.AllowDitheredLODTransition:0]]
[2019.05.13-03.31.45:421][  0]LogConfig: Setting CVar [[r.Mobile.AllowSoftwareOcclusion:0]]
[2019.05.13-03.31.45:421][  0]LogConfig: Setting CVar [[r.DiscardUnusedQuality:0]]
[2019.05.13-03.31.45:421][  0]LogConfig: Setting CVar [[r.AllowOcclusionQueries:1]]
[2019.05.13-03.31.45:421][  0]LogConfig: Setting CVar [[r.MinScreenRadiusForLights:0.030000]]
[2019.05.13-03.31.45:421][  0]LogConfig: Setting CVar [[r.MinScreenRadiusForDepthPrepass:0.030000]]
[2019.05.13-03.31.45:421][  0]LogConfig: Setting CVar [[r.MinScreenRadiusForCSMDepth:0.010000]]
[2019.05.13-03.31.45:421][  0]LogConfig: Setting CVar [[r.PrecomputedVisibilityWarning:0]]
[2019.05.13-03.31.45:421][  0]LogConfig: Setting CVar [[r.TextureStreaming:1]]
[2019.05.13-03.31.45:421][  0]LogConfig: Setting CVar [[Compat.UseDXT5NormalMaps:0]]
[2019.05.13-03.31.45:421][  0]LogConfig: Setting CVar [[r.ClearCoatNormal:0]]
[2019.05.13-03.31.45:421][  0]LogConfig: Setting CVar [[r.ReflectionCaptureResolution:128]]
[2019.05.13-03.31.45:421][  0]LogConfig: Setting CVar [[r.ReflectionEnvironmentLightmapMixBasedOnRoughness:1]]
[2019.05.13-03.31.45:421][  0]LogConfig: Setting CVar [[r.ForwardShading:0]]
[2019.05.13-03.31.45:421][  0]LogConfig: Setting CVar [[r.VertexFoggingForOpaque:1]]
[2019.05.13-03.31.45:421][  0]LogConfig: Setting CVar [[r.AllowStaticLighting:1]]
[2019.05.13-03.31.45:421][  0]LogConfig: Setting CVar [[r.NormalMapsForStaticLighting:0]]
[2019.05.13-03.31.45:421][  0]LogConfig: Setting CVar [[r.GenerateMeshDistanceFields:0]]
[2019.05.13-03.31.45:421][  0]LogConfig: Setting CVar [[r.DistanceFieldBuild.EightBit:0]]
[2019.05.13-03.31.45:421][  0]LogConfig: Setting CVar [[r.GenerateLandscapeGIData:0]]
[2019.05.13-03.31.45:421][  0]LogConfig: Setting CVar [[r.DistanceFieldBuild.Compress:0]]
[2019.05.13-03.31.45:421][  0]LogConfig: Setting CVar [[r.TessellationAdaptivePixelsPerTriangle:48.000000]]
[2019.05.13-03.31.45:421][  0]LogConfig: Setting CVar [[r.SeparateTranslucency:1]]
[2019.05.13-03.31.45:421][  0]LogConfig: Setting CVar [[r.TranslucentSortPolicy:0]]
[2019.05.13-03.31.45:421][  0]LogConfig: Setting CVar [[r.CustomDepth:1]]
[2019.05.13-03.31.45:421][  0]LogConfig: Setting CVar [[r.CustomDepthTemporalAAJitter:1]]
[2019.05.13-03.31.45:421][  0]LogConfig: Setting CVar [[r.PostProcessing.PropagateAlpha:0]]
[2019.05.13-03.31.45:421][  0]LogConfig: Setting CVar [[r.DOF.Algorithm:1]]
[2019.05.13-03.31.45:421][  0]LogConfig: Setting CVar [[r.DefaultFeature.Bloom:1]]
[2019.05.13-03.31.45:421][  0]LogConfig: Setting CVar [[r.DefaultFeature.AmbientOcclusion:1]]
[2019.05.13-03.31.45:421][  0]LogConfig: Setting CVar [[r.DefaultFeature.AmbientOcclusionStaticFraction:1]]
[2019.05.13-03.31.45:421][  0]LogConfig: Setting CVar [[r.DefaultFeature.AutoExposure:0]]
[2019.05.13-03.31.45:421][  0]LogConfig: Setting CVar [[r.DefaultFeature.AutoExposure.Method:0]]
[2019.05.13-03.31.45:421][  0]LogConfig: Setting CVar [[r.DefaultFeature.AutoExposure.ExtendDefaultLuminanceRange:0]]
[2019.05.13-03.31.45:421][  0]LogConfig: Setting CVar [[r.UsePreExposure:0]]
[2019.05.13-03.31.45:421][  0]LogConfig: Setting CVar [[r.DefaultFeature.MotionBlur:0]]
[2019.05.13-03.31.45:421][  0]LogConfig: Setting CVar [[r.DefaultFeature.LensFlare:0]]
[2019.05.13-03.31.45:421][  0]LogConfig: Setting CVar [[r.TemporalAA.Upsampling:0]]
[2019.05.13-03.31.45:421][  0]LogConfig: Setting CVar [[r.DefaultFeature.AntiAliasing:0]]
[2019.05.13-03.31.45:421][  0]LogConfig: Setting CVar [[r.DefaultFeature.LightUnits:1]]
[2019.05.13-03.31.45:421][  0]LogConfig: Setting CVar [[r.DefaultBackBufferPixelFormat:4]]
[2019.05.13-03.31.45:421][  0]LogConfig: Setting CVar [[r.Shadow.UnbuiltPreviewInGame:1]]
[2019.05.13-03.31.45:421][  0]LogConfig: Setting CVar [[r.StencilForLODDither:0]]
[2019.05.13-03.31.45:421][  0]LogConfig: Setting CVar [[r.EarlyZPass:3]]
[2019.05.13-03.31.45:421][  0]LogConfig: Setting CVar [[r.EarlyZPassMovable:1]]
[2019.05.13-03.31.45:421][  0]LogConfig: Setting CVar [[r.EarlyZPassOnlyMaterialMasking:0]]
[2019.05.13-03.31.45:421][  0]LogConfig: Setting CVar [[r.DBuffer:1]]
[2019.05.13-03.31.45:421][  0]LogConfig: Setting CVar [[r.ClearSceneMethod:1]]
[2019.05.13-03.31.45:421][  0]LogConfig: Setting CVar [[r.BasePassOutputsVelocity:0]]
[2019.05.13-03.31.45:421][  0]LogConfig: Setting CVar [[r.SelectiveBasePassOutputs:0]]
[2019.05.13-03.31.45:421][  0]LogConfig: Setting CVar [[fx.GPUSimulationTextureSizeX:1024]]
[2019.05.13-03.31.45:421][  0]LogConfig: Setting CVar [[fx.GPUSimulationTextureSizeY:1024]]
[2019.05.13-03.31.45:421][  0]LogConfig: Setting CVar [[r.AllowGlobalClipPlane:0]]
[2019.05.13-03.31.45:421][  0]LogConfig: Setting CVar [[r.GBufferFormat:1]]
[2019.05.13-03.31.45:421][  0]LogConfig: Setting CVar [[r.MorphTarget.Mode:1]]
[2019.05.13-03.31.45:421][  0]LogConfig: Setting CVar [[vr.InstancedStereo:0]]
[2019.05.13-03.31.45:421][  0]LogConfig: Setting CVar [[vr.MultiView:0]]
[2019.05.13-03.31.45:421][  0]LogConfig: Setting CVar [[vr.MobileMultiView:0]]
[2019.05.13-03.31.45:421][  0]LogConfig: Setting CVar [[vr.MobileMultiView.Direct:0]]
[2019.05.13-03.31.45:421][  0]LogConfig: Setting CVar [[vr.MonoscopicFarField:0]]
[2019.05.13-03.31.45:421][  0]LogConfig: Setting CVar [[vr.RoundRobinOcclusion:0]]
[2019.05.13-03.31.45:421][  0]LogConfig: Setting CVar [[vr.ODSCapture:0]]
[2019.05.13-03.31.45:421][  0]LogConfig: Setting CVar [[r.WireframeCullThreshold:5.000000]]
[2019.05.13-03.31.45:421][  0]LogConfig: Setting CVar [[r.SupportStationarySkylight:1]]
[2019.05.13-03.31.45:421][  0]LogConfig: Setting CVar [[r.SupportLowQualityLightmaps:1]]
[2019.05.13-03.31.45:421][  0]LogConfig: Setting CVar [[r.SupportPointLightWholeSceneShadows:1]]
[2019.05.13-03.31.45:421][  0]LogConfig: Setting CVar [[r.SupportAtmosphericFog:1]]
[2019.05.13-03.31.45:421][  0]LogConfig: Setting CVar [[r.SkinCache.CompileShaders:0]]
[2019.05.13-03.31.45:421][  0]LogConfig: Setting CVar [[r.Mobile.EnableStaticAndCSMShadowReceivers:1]]
[2019.05.13-03.31.45:421][  0]LogConfig: Setting CVar [[r.Mobile.EnableMovableLightCSMShaderCulling:1]]
[2019.05.13-03.31.45:421][  0]LogConfig: Setting CVar [[r.Mobile.AllowDistanceFieldShadows:1]]
[2019.05.13-03.31.45:422][  0]LogConfig: Setting CVar [[r.Mobile.AllowMovableDirectionalLights:1]]
[2019.05.13-03.31.45:422][  0]LogConfig: Setting CVar [[r.MobileNumDynamicPointLights:4]]
[2019.05.13-03.31.45:422][  0]LogConfig: Setting CVar [[r.MobileDynamicPointLightsUseStaticBranch:1]]
[2019.05.13-03.31.45:422][  0]LogConfig: Setting CVar [[r.SkinCache.SceneMemoryLimitInMB:128.000000]]
[2019.05.13-03.31.45:422][  0]LogConfig: Setting CVar [[r.GPUSkin.Limit2BoneInfluences:0]]
[2019.05.13-03.31.45:422][  0]LogConfig: Setting CVar [[r.SupportDepthOnlyIndexBuffers:1]]
[2019.05.13-03.31.45:422][  0]LogConfig: Setting CVar [[r.SupportReversedIndexBuffers:1]]
[2019.05.13-03.31.45:422][  0]LogConfig: Setting CVar [[r.SupportMaterialLayers:0]]
[2019.05.13-03.31.45:422][  0]LogConfig: Applying CVar settings from Section [/Script/Engine.RendererOverrideSettings] File [D:/NYU/First Year Semester II/Level Design Studio/LevelDesignFinal/Proj_2/Saved/Config/Windows/Engine.ini]
[2019.05.13-03.31.45:422][  0]LogConfig: Applying CVar settings from Section [/Script/Engine.StreamingSettings] File [D:/NYU/First Year Semester II/Level Design Studio/LevelDesignFinal/Proj_2/Saved/Config/Windows/Engine.ini]
[2019.05.13-03.31.45:422][  0]LogConfig: Setting CVar [[s.MinBulkDataSizeForAsyncLoading:131072]]
[2019.05.13-03.31.45:422][  0]LogConfig: Setting CVar [[s.AsyncLoadingThreadEnabled:0]]
[2019.05.13-03.31.45:422][  0]LogConfig: Setting CVar [[s.EventDrivenLoaderEnabled:1]]
[2019.05.13-03.31.45:422][  0]LogConfig: Setting CVar [[s.WarnIfTimeLimitExceeded:0]]
[2019.05.13-03.31.45:422][  0]LogConfig: Setting CVar [[s.TimeLimitExceededMultiplier:1.5]]
[2019.05.13-03.31.45:422][  0]LogConfig: Setting CVar [[s.TimeLimitExceededMinTime:0.005]]
[2019.05.13-03.31.45:422][  0]LogConfig: Setting CVar [[s.UseBackgroundLevelStreaming:1]]
[2019.05.13-03.31.45:422][  0]LogConfig: Setting CVar [[s.PriorityAsyncLoadingExtraTime:15.0]]
[2019.05.13-03.31.45:422][  0]LogConfig: Setting CVar [[s.LevelStreamingActorsUpdateTimeLimit:5.0]]
[2019.05.13-03.31.45:422][  0]LogConfig: Setting CVar [[s.PriorityLevelStreamingActorsUpdateExtraTime:5.0]]
[2019.05.13-03.31.45:422][  0]LogConfig: Setting CVar [[s.LevelStreamingComponentsRegistrationGranularity:10]]
[2019.05.13-03.31.45:422][  0]LogConfig: Setting CVar [[s.UnregisterComponentsTimeLimit:1.0]]
[2019.05.13-03.31.45:422][  0]LogConfig: Setting CVar [[s.LevelStreamingComponentsUnregistrationGranularity:5]]
[2019.05.13-03.31.45:422][  0]LogConfig: Applying CVar settings from Section [/Script/Engine.GarbageCollectionSettings] File [D:/NYU/First Year Semester II/Level Design Studio/LevelDesignFinal/Proj_2/Saved/Config/Windows/Engine.ini]
[2019.05.13-03.31.45:422][  0]LogConfig: Setting CVar [[gc.MaxObjectsNotConsideredByGC:1]]
[2019.05.13-03.31.45:422][  0]LogConfig: Setting CVar [[gc.SizeOfPermanentObjectPool:0]]
[2019.05.13-03.31.45:422][  0]LogConfig: Setting CVar [[gc.FlushStreamingOnGC:0]]
[2019.05.13-03.31.45:422][  0]LogConfig: Setting CVar [[gc.NumRetriesBeforeForcingGC:10]]
[2019.05.13-03.31.45:422][  0]LogConfig: Setting CVar [[gc.AllowParallelGC:1]]
[2019.05.13-03.31.45:422][  0]LogConfig: Setting CVar [[gc.TimeBetweenPurgingPendingKillObjects:61.1]]
[2019.05.13-03.31.45:422][  0]LogConfig: Setting CVar [[gc.MaxObjectsInEditor:8388607]]
[2019.05.13-03.31.45:422][  0]LogConfig: Setting CVar [[gc.IncrementalBeginDestroyEnabled:1]]
[2019.05.13-03.31.45:422][  0]LogConfig: Setting CVar [[gc.CreateGCClusters:1]]
[2019.05.13-03.31.45:422][  0]LogConfig: Setting CVar [[gc.MergeGCClusters:0]]
[2019.05.13-03.31.45:422][  0]LogConfig: Setting CVar [[gc.MinGCClusterSize:5]]
[2019.05.13-03.31.45:422][  0]LogConfig: Setting CVar [[gc.ActorClusteringEnabled:0]]
[2019.05.13-03.31.45:422][  0]LogConfig: Setting CVar [[gc.BlueprintClusteringEnabled:0]]
[2019.05.13-03.31.45:422][  0]LogConfig: Setting CVar [[gc.UseDisregardForGCOnDedicatedServers:0]]
[2019.05.13-03.31.45:422][  0]LogConfig: Applying CVar settings from Section [/Script/Engine.NetworkSettings] File [D:/NYU/First Year Semester II/Level Design Studio/LevelDesignFinal/Proj_2/Saved/Config/Windows/Engine.ini]
[2019.05.13-03.31.45:422][  0]LogConfig: Applying CVar settings from Section [/Script/UnrealEd.CookerSettings] File [D:/NYU/First Year Semester II/Level Design Studio/LevelDesignFinal/Proj_2/Saved/Config/Windows/Engine.ini]
[2019.05.13-03.31.45:425][  0]LogConfig: Applying CVar settings from Section [ViewDistanceQuality@3] File [D:/NYU/First Year Semester II/Level Design Studio/LevelDesignFinal/Proj_2/Saved/Config/Windows/Scalability.ini]
[2019.05.13-03.31.45:425][  0]LogConfig: Setting CVar [[r.SkeletalMeshLODBias:0]]
[2019.05.13-03.31.45:425][  0]LogConfig: Setting CVar [[r.ViewDistanceScale:1.0]]
[2019.05.13-03.31.45:425][  0]LogConfig: Applying CVar settings from Section [AntiAliasingQuality@3] File [D:/NYU/First Year Semester II/Level Design Studio/LevelDesignFinal/Proj_2/Saved/Config/Windows/Scalability.ini]
[2019.05.13-03.31.45:425][  0]LogConfig: Setting CVar [[r.PostProcessAAQuality:4]]
[2019.05.13-03.31.45:425][  0]LogConfig: Applying CVar settings from Section [ShadowQuality@3] File [D:/NYU/First Year Semester II/Level Design Studio/LevelDesignFinal/Proj_2/Saved/Config/Windows/Scalability.ini]
[2019.05.13-03.31.45:425][  0]LogConfig: Setting CVar [[r.LightFunctionQuality:1]]
[2019.05.13-03.31.45:425][  0]LogConfig: Setting CVar [[r.ShadowQuality:5]]
[2019.05.13-03.31.45:425][  0]LogConfig: Setting CVar [[r.Shadow.CSM.MaxCascades:10]]
[2019.05.13-03.31.45:425][  0]LogConfig: Setting CVar [[r.Shadow.MaxResolution:2048]]
[2019.05.13-03.31.45:425][  0]LogConfig: Setting CVar [[r.Shadow.MaxCSMResolution:2048]]
[2019.05.13-03.31.45:425][  0]LogConfig: Setting CVar [[r.Shadow.RadiusThreshold:0.01]]
[2019.05.13-03.31.45:425][  0]LogConfig: Setting CVar [[r.Shadow.DistanceScale:1.0]]
[2019.05.13-03.31.45:425][  0]LogConfig: Setting CVar [[r.Shadow.CSM.TransitionScale:1.0]]
[2019.05.13-03.31.45:425][  0]LogConfig: Setting CVar [[r.Shadow.PreShadowResolutionFactor:1.0]]
[2019.05.13-03.31.45:425][  0]LogConfig: Setting CVar [[r.DistanceFieldShadowing:1]]
[2019.05.13-03.31.45:425][  0]LogConfig: Setting CVar [[r.DistanceFieldAO:1]]
[2019.05.13-03.31.45:425][  0]LogConfig: Setting CVar [[r.AOQuality:2]]
[2019.05.13-03.31.45:425][  0]LogConfig: Setting CVar [[r.VolumetricFog:1]]
[2019.05.13-03.31.45:425][  0]LogConfig: Setting CVar [[r.VolumetricFog.GridPixelSize:8]]
[2019.05.13-03.31.45:425][  0]LogConfig: Setting CVar [[r.VolumetricFog.GridSizeZ:128]]
[2019.05.13-03.31.45:425][  0]LogConfig: Setting CVar [[r.VolumetricFog.HistoryMissSupersampleCount:4]]
[2019.05.13-03.31.45:425][  0]LogConfig: Setting CVar [[r.LightMaxDrawDistanceScale:1]]
[2019.05.13-03.31.45:425][  0]LogConfig: Setting CVar [[r.CapsuleShadows:1]]
[2019.05.13-03.31.45:425][  0]LogConfig: Applying CVar settings from Section [PostProcessQuality@3] File [D:/NYU/First Year Semester II/Level Design Studio/LevelDesignFinal/Proj_2/Saved/Config/Windows/Scalability.ini]
[2019.05.13-03.31.45:425][  0]LogConfig: Setting CVar [[r.MotionBlurQuality:4]]
[2019.05.13-03.31.45:425][  0]LogConfig: Setting CVar [[r.AmbientOcclusionMipLevelFactor:0.4]]
[2019.05.13-03.31.45:426][  0]LogConfig: Setting CVar [[r.AmbientOcclusionMaxQuality:100]]
[2019.05.13-03.31.45:426][  0]LogConfig: Setting CVar [[r.AmbientOcclusionLevels:-1]]
[2019.05.13-03.31.45:426][  0]LogConfig: Setting CVar [[r.AmbientOcclusionRadiusScale:1.0]]
[2019.05.13-03.31.45:426][  0]LogConfig: Setting CVar [[r.DepthOfFieldQuality:2]]
[2019.05.13-03.31.45:426][  0]LogConfig: Setting CVar [[r.RenderTargetPoolMin:400]]
[2019.05.13-03.31.45:426][  0]LogConfig: Setting CVar [[r.LensFlareQuality:2]]
[2019.05.13-03.31.45:426][  0]LogConfig: Setting CVar [[r.SceneColorFringeQuality:1]]
[2019.05.13-03.31.45:426][  0]LogConfig: Setting CVar [[r.EyeAdaptationQuality:2]]
[2019.05.13-03.31.45:426][  0]LogConfig: Setting CVar [[r.BloomQuality:5]]
[2019.05.13-03.31.45:426][  0]LogConfig: Setting CVar [[r.FastBlurThreshold:100]]
[2019.05.13-03.31.45:426][  0]LogConfig: Setting CVar [[r.Upscale.Quality:3]]
[2019.05.13-03.31.45:426][  0]LogConfig: Setting CVar [[r.Tonemapper.GrainQuantization:1]]
[2019.05.13-03.31.45:426][  0]LogConfig: Setting CVar [[r.LightShaftQuality:1]]
[2019.05.13-03.31.45:426][  0]LogConfig: Setting CVar [[r.Filter.SizeScale:1]]
[2019.05.13-03.31.45:426][  0]LogConfig: Setting CVar [[r.Tonemapper.Quality:5]]
[2019.05.13-03.31.45:426][  0]LogConfig: Setting CVar [[r.DOF.Gather.AccumulatorQuality:1        ; higher gathering accumulator quality]]
[2019.05.13-03.31.45:426][  0]LogConfig: Setting CVar [[r.DOF.Gather.PostfilterMethod:1          ; Median3x3 postfilering method]]
[2019.05.13-03.31.45:426][  0]LogConfig: Setting CVar [[r.DOF.Gather.EnableBokehSettings:0       ; no bokeh simulation when gathering]]
[2019.05.13-03.31.45:426][  0]LogConfig: Setting CVar [[r.DOF.Gather.RingCount:4                 ; medium number of samples when gathering]]
[2019.05.13-03.31.45:426][  0]LogConfig: Setting CVar [[r.DOF.Scatter.ForegroundCompositing:1    ; additive foreground scattering]]
[2019.05.13-03.31.45:426][  0]LogConfig: Setting CVar [[r.DOF.Scatter.BackgroundCompositing:2    ; additive background scattering]]
[2019.05.13-03.31.45:426][  0]LogConfig: Setting CVar [[r.DOF.Scatter.EnableBokehSettings:1      ; bokeh simulation when scattering]]
[2019.05.13-03.31.45:426][  0]LogConfig: Setting CVar [[r.DOF.Scatter.MaxSpriteRatio:0.1         ; only a maximum of 10% of scattered bokeh]]
[2019.05.13-03.31.45:426][  0]LogConfig: Setting CVar [[r.DOF.Recombine.Quality:1                ; cheap slight out of focus]]
[2019.05.13-03.31.45:426][  0]LogConfig: Setting CVar [[r.DOF.Recombine.EnableBokehSettings:0    ; no bokeh simulation on slight out of focus]]
[2019.05.13-03.31.45:426][  0]LogConfig: Setting CVar [[r.DOF.TemporalAAQuality:1                ; more stable temporal accumulation]]
[2019.05.13-03.31.45:426][  0]LogConfig: Setting CVar [[r.DOF.Kernel.MaxForegroundRadius:0.025]]
[2019.05.13-03.31.45:426][  0]LogConfig: Setting CVar [[r.DOF.Kernel.MaxBackgroundRadius:0.025]]
[2019.05.13-03.31.45:426][  0]LogConfig: Applying CVar settings from Section [TextureQuality@3] File [D:/NYU/First Year Semester II/Level Design Studio/LevelDesignFinal/Proj_2/Saved/Config/Windows/Scalability.ini]
[2019.05.13-03.31.45:426][  0]LogConfig: Setting CVar [[r.Streaming.MipBias:0]]
[2019.05.13-03.31.45:426][  0]LogConfig: Setting CVar [[r.Streaming.AmortizeCPUToGPUCopy:0]]
[2019.05.13-03.31.45:426][  0]LogConfig: Setting CVar [[r.Streaming.MaxNumTexturesToStreamPerFrame:0]]
[2019.05.13-03.31.45:426][  0]LogConfig: Setting CVar [[r.Streaming.Boost:1]]
[2019.05.13-03.31.45:426][  0]LogConfig: Setting CVar [[r.MaxAnisotropy:8]]
[2019.05.13-03.31.45:426][  0]LogConfig: Setting CVar [[r.Streaming.LimitPoolSizeToVRAM:0]]
[2019.05.13-03.31.45:426][  0]LogConfig: Setting CVar [[r.Streaming.PoolSize:1000]]
[2019.05.13-03.31.45:426][  0]LogConfig: Setting CVar [[r.Streaming.MaxEffectiveScreenSize:0]]
[2019.05.13-03.31.45:426][  0]LogConfig: Applying CVar settings from Section [EffectsQuality@3] File [D:/NYU/First Year Semester II/Level Design Studio/LevelDesignFinal/Proj_2/Saved/Config/Windows/Scalability.ini]
[2019.05.13-03.31.45:426][  0]LogConfig: Setting CVar [[r.TranslucencyLightingVolumeDim:64]]
[2019.05.13-03.31.45:426][  0]LogConfig: Setting CVar [[r.RefractionQuality:2]]
[2019.05.13-03.31.45:426][  0]LogConfig: Setting CVar [[r.SSR.Quality:3]]
[2019.05.13-03.31.45:426][  0]LogConfig: Setting CVar [[r.SceneColorFormat:4]]
[2019.05.13-03.31.45:426][  0]LogConfig: Setting CVar [[r.DetailMode:2]]
[2019.05.13-03.31.45:426][  0]LogConfig: Setting CVar [[r.TranslucencyVolumeBlur:1]]
[2019.05.13-03.31.45:426][  0]LogConfig: Setting CVar [[r.MaterialQualityLevel:1 ; High quality]]
[2019.05.13-03.31.45:426][  0]LogConfig: Setting CVar [[r.SSS.Scale:1]]
[2019.05.13-03.31.45:426][  0]LogConfig: Setting CVar [[r.SSS.SampleSet:2]]
[2019.05.13-03.31.45:426][  0]LogConfig: Setting CVar [[r.SSS.Quality:1]]
[2019.05.13-03.31.45:426][  0]LogConfig: Setting CVar [[r.SSS.HalfRes:1]]
[2019.05.13-03.31.45:426][  0]LogConfig: Setting CVar [[r.EmitterSpawnRateScale:1.0]]
[2019.05.13-03.31.45:426][  0]LogConfig: Setting CVar [[r.ParticleLightQuality:2]]
[2019.05.13-03.31.45:426][  0]LogConfig: Applying CVar settings from Section [FoliageQuality@3] File [D:/NYU/First Year Semester II/Level Design Studio/LevelDesignFinal/Proj_2/Saved/Config/Windows/Scalability.ini]
[2019.05.13-03.31.45:426][  0]LogConfig: Setting CVar [[foliage.DensityScale:1.0]]
[2019.05.13-03.31.45:426][  0]LogConfig: Setting CVar [[grass.DensityScale:1.0]]
[2019.05.13-03.31.45:426][  0]LogInit: Selected Device Profile: [Windows]
[2019.05.13-03.31.45:426][  0]LogInit: Applying CVar settings loaded from the selected device profile: [Windows]
[2019.05.13-03.31.45:437][  0]LogHAL: Display: Platform has ~ 16 GB [17024176128 / 17179869184 / 16], which maps to Larger [LargestMinGB=32, LargerMinGB=12, DefaultMinGB=8, SmallerMinGB=6, SmallestMinGB=0)
[2019.05.13-03.31.45:437][  0]LogConfig: Setting CVar [[r.Vulkan.UseRealUBs:1]]
[2019.05.13-03.31.45:437][  0]LogInit: Going up to parent DeviceProfile []
[2019.05.13-03.31.45:437][  0]LogConfig: Applying CVar settings from Section [ViewDistanceQuality@3] File [D:/NYU/First Year Semester II/Level Design Studio/LevelDesignFinal/Proj_2/Saved/Config/Windows/Scalability.ini]
[2019.05.13-03.31.45:437][  0]LogConfig: Setting CVar [[r.SkeletalMeshLODBias:0]]
[2019.05.13-03.31.45:437][  0]LogConfig: Setting CVar [[r.ViewDistanceScale:1.0]]
[2019.05.13-03.31.45:437][  0]LogConfig: Applying CVar settings from Section [AntiAliasingQuality@3] File [D:/NYU/First Year Semester II/Level Design Studio/LevelDesignFinal/Proj_2/Saved/Config/Windows/Scalability.ini]
[2019.05.13-03.31.45:437][  0]LogConfig: Setting CVar [[r.PostProcessAAQuality:4]]
[2019.05.13-03.31.45:437][  0]LogConfig: Applying CVar settings from Section [ShadowQuality@3] File [D:/NYU/First Year Semester II/Level Design Studio/LevelDesignFinal/Proj_2/Saved/Config/Windows/Scalability.ini]
[2019.05.13-03.31.45:437][  0]LogConfig: Setting CVar [[r.LightFunctionQuality:1]]
[2019.05.13-03.31.45:437][  0]LogConfig: Setting CVar [[r.ShadowQuality:5]]
[2019.05.13-03.31.45:437][  0]LogConfig: Setting CVar [[r.Shadow.CSM.MaxCascades:10]]
[2019.05.13-03.31.45:437][  0]LogConfig: Setting CVar [[r.Shadow.MaxResolution:2048]]
[2019.05.13-03.31.45:437][  0]LogConfig: Setting CVar [[r.Shadow.MaxCSMResolution:2048]]
[2019.05.13-03.31.45:437][  0]LogConfig: Setting CVar [[r.Shadow.RadiusThreshold:0.01]]
[2019.05.13-03.31.45:437][  0]LogConfig: Setting CVar [[r.Shadow.DistanceScale:1.0]]
[2019.05.13-03.31.45:437][  0]LogConfig: Setting CVar [[r.Shadow.CSM.TransitionScale:1.0]]
[2019.05.13-03.31.45:437][  0]LogConfig: Setting CVar [[r.Shadow.PreShadowResolutionFactor:1.0]]
[2019.05.13-03.31.45:437][  0]LogConfig: Setting CVar [[r.DistanceFieldShadowing:1]]
[2019.05.13-03.31.45:437][  0]LogConfig: Setting CVar [[r.DistanceFieldAO:1]]
[2019.05.13-03.31.45:437][  0]LogConfig: Setting CVar [[r.AOQuality:2]]
[2019.05.13-03.31.45:437][  0]LogConfig: Setting CVar [[r.VolumetricFog:1]]
[2019.05.13-03.31.45:437][  0]LogConfig: Setting CVar [[r.VolumetricFog.GridPixelSize:8]]
[2019.05.13-03.31.45:437][  0]LogConfig: Setting CVar [[r.VolumetricFog.GridSizeZ:128]]
[2019.05.13-03.31.45:437][  0]LogConfig: Setting CVar [[r.VolumetricFog.HistoryMissSupersampleCount:4]]
[2019.05.13-03.31.45:437][  0]LogConfig: Setting CVar [[r.LightMaxDrawDistanceScale:1]]
[2019.05.13-03.31.45:437][  0]LogConfig: Setting CVar [[r.CapsuleShadows:1]]
[2019.05.13-03.31.45:437][  0]LogConfig: Applying CVar settings from Section [PostProcessQuality@3] File [D:/NYU/First Year Semester II/Level Design Studio/LevelDesignFinal/Proj_2/Saved/Config/Windows/Scalability.ini]
[2019.05.13-03.31.45:437][  0]LogConfig: Setting CVar [[r.MotionBlurQuality:4]]
[2019.05.13-03.31.45:437][  0]LogConfig: Setting CVar [[r.AmbientOcclusionMipLevelFactor:0.4]]
[2019.05.13-03.31.45:437][  0]LogConfig: Setting CVar [[r.AmbientOcclusionMaxQuality:100]]
[2019.05.13-03.31.45:437][  0]LogConfig: Setting CVar [[r.AmbientOcclusionLevels:-1]]
[2019.05.13-03.31.45:437][  0]LogConfig: Setting CVar [[r.AmbientOcclusionRadiusScale:1.0]]
[2019.05.13-03.31.45:437][  0]LogConfig: Setting CVar [[r.DepthOfFieldQuality:2]]
[2019.05.13-03.31.45:437][  0]LogConfig: Setting CVar [[r.RenderTargetPoolMin:400]]
[2019.05.13-03.31.45:437][  0]LogConfig: Setting CVar [[r.LensFlareQuality:2]]
[2019.05.13-03.31.45:437][  0]LogConfig: Setting CVar [[r.SceneColorFringeQuality:1]]
[2019.05.13-03.31.45:437][  0]LogConfig: Setting CVar [[r.EyeAdaptationQuality:2]]
[2019.05.13-03.31.45:437][  0]LogConfig: Setting CVar [[r.BloomQuality:5]]
[2019.05.13-03.31.45:437][  0]LogConfig: Setting CVar [[r.FastBlurThreshold:100]]
[2019.05.13-03.31.45:437][  0]LogConfig: Setting CVar [[r.Upscale.Quality:3]]
[2019.05.13-03.31.45:437][  0]LogConfig: Setting CVar [[r.Tonemapper.GrainQuantization:1]]
[2019.05.13-03.31.45:437][  0]LogConfig: Setting CVar [[r.LightShaftQuality:1]]
[2019.05.13-03.31.45:437][  0]LogConfig: Setting CVar [[r.Filter.SizeScale:1]]
[2019.05.13-03.31.45:437][  0]LogConfig: Setting CVar [[r.Tonemapper.Quality:5]]
[2019.05.13-03.31.45:437][  0]LogConfig: Setting CVar [[r.DOF.Gather.AccumulatorQuality:1        ; higher gathering accumulator quality]]
[2019.05.13-03.31.45:437][  0]LogConfig: Setting CVar [[r.DOF.Gather.PostfilterMethod:1          ; Median3x3 postfilering method]]
[2019.05.13-03.31.45:437][  0]LogConfig: Setting CVar [[r.DOF.Gather.EnableBokehSettings:0       ; no bokeh simulation when gathering]]
[2019.05.13-03.31.45:437][  0]LogConfig: Setting CVar [[r.DOF.Gather.RingCount:4                 ; medium number of samples when gathering]]
[2019.05.13-03.31.45:437][  0]LogConfig: Setting CVar [[r.DOF.Scatter.ForegroundCompositing:1    ; additive foreground scattering]]
[2019.05.13-03.31.45:437][  0]LogConfig: Setting CVar [[r.DOF.Scatter.BackgroundCompositing:2    ; additive background scattering]]
[2019.05.13-03.31.45:437][  0]LogConfig: Setting CVar [[r.DOF.Scatter.EnableBokehSettings:1      ; bokeh simulation when scattering]]
[2019.05.13-03.31.45:437][  0]LogConfig: Setting CVar [[r.DOF.Scatter.MaxSpriteRatio:0.1         ; only a maximum of 10% of scattered bokeh]]
[2019.05.13-03.31.45:437][  0]LogConfig: Setting CVar [[r.DOF.Recombine.Quality:1                ; cheap slight out of focus]]
[2019.05.13-03.31.45:437][  0]LogConfig: Setting CVar [[r.DOF.Recombine.EnableBokehSettings:0    ; no bokeh simulation on slight out of focus]]
[2019.05.13-03.31.45:437][  0]LogConfig: Setting CVar [[r.DOF.TemporalAAQuality:1                ; more stable temporal accumulation]]
[2019.05.13-03.31.45:437][  0]LogConfig: Setting CVar [[r.DOF.Kernel.MaxForegroundRadius:0.025]]
[2019.05.13-03.31.45:437][  0]LogConfig: Setting CVar [[r.DOF.Kernel.MaxBackgroundRadius:0.025]]
[2019.05.13-03.31.45:437][  0]LogConfig: Applying CVar settings from Section [TextureQuality@3] File [D:/NYU/First Year Semester II/Level Design Studio/LevelDesignFinal/Proj_2/Saved/Config/Windows/Scalability.ini]
[2019.05.13-03.31.45:437][  0]LogConfig: Setting CVar [[r.Streaming.MipBias:0]]
[2019.05.13-03.31.45:437][  0]LogConfig: Setting CVar [[r.Streaming.AmortizeCPUToGPUCopy:0]]
[2019.05.13-03.31.45:437][  0]LogConfig: Setting CVar [[r.Streaming.MaxNumTexturesToStreamPerFrame:0]]
[2019.05.13-03.31.45:437][  0]LogConfig: Setting CVar [[r.Streaming.Boost:1]]
[2019.05.13-03.31.45:437][  0]LogConfig: Setting CVar [[r.MaxAnisotropy:8]]
[2019.05.13-03.31.45:437][  0]LogConfig: Setting CVar [[r.Streaming.LimitPoolSizeToVRAM:0]]
[2019.05.13-03.31.45:437][  0]LogConfig: Setting CVar [[r.Streaming.PoolSize:1000]]
[2019.05.13-03.31.45:437][  0]LogConfig: Setting CVar [[r.Streaming.MaxEffectiveScreenSize:0]]
[2019.05.13-03.31.45:437][  0]LogConfig: Applying CVar settings from Section [EffectsQuality@3] File [D:/NYU/First Year Semester II/Level Design Studio/LevelDesignFinal/Proj_2/Saved/Config/Windows/Scalability.ini]
[2019.05.13-03.31.45:437][  0]LogConfig: Setting CVar [[r.TranslucencyLightingVolumeDim:64]]
[2019.05.13-03.31.45:437][  0]LogConfig: Setting CVar [[r.RefractionQuality:2]]
[2019.05.13-03.31.45:437][  0]LogConfig: Setting CVar [[r.SSR.Quality:3]]
[2019.05.13-03.31.45:437][  0]LogConfig: Setting CVar [[r.SceneColorFormat:4]]
[2019.05.13-03.31.45:437][  0]LogConfig: Setting CVar [[r.DetailMode:2]]
[2019.05.13-03.31.45:437][  0]LogConfig: Setting CVar [[r.TranslucencyVolumeBlur:1]]
[2019.05.13-03.31.45:437][  0]LogConfig: Setting CVar [[r.MaterialQualityLevel:1 ; High quality]]
[2019.05.13-03.31.45:438][  0]LogConfig: Setting CVar [[r.SSS.Scale:1]]
[2019.05.13-03.31.45:438][  0]LogConfig: Setting CVar [[r.SSS.SampleSet:2]]
[2019.05.13-03.31.45:438][  0]LogConfig: Setting CVar [[r.SSS.Quality:1]]
[2019.05.13-03.31.45:438][  0]LogConfig: Setting CVar [[r.SSS.HalfRes:1]]
[2019.05.13-03.31.45:438][  0]LogConfig: Setting CVar [[r.EmitterSpawnRateScale:1.0]]
[2019.05.13-03.31.45:438][  0]LogConfig: Setting CVar [[r.ParticleLightQuality:2]]
[2019.05.13-03.31.45:438][  0]LogConfig: Applying CVar settings from Section [FoliageQuality@3] File [D:/NYU/First Year Semester II/Level Design Studio/LevelDesignFinal/Proj_2/Saved/Config/Windows/Scalability.ini]
[2019.05.13-03.31.45:438][  0]LogConfig: Setting CVar [[foliage.DensityScale:1.0]]
[2019.05.13-03.31.45:438][  0]LogConfig: Setting CVar [[grass.DensityScale:1.0]]
[2019.05.13-03.31.45:438][  0]LogConfig: Applying CVar settings from Section [Startup] File [../../../Engine/Config/ConsoleVariables.ini]
[2019.05.13-03.31.45:438][  0]LogConfig: Setting CVar [[net.UseAdaptiveNetUpdateFrequency:0]]
[2019.05.13-03.31.45:438][  0]LogConfig: Applying CVar settings from Section [ConsoleVariables] File [D:/NYU/First Year Semester II/Level Design Studio/LevelDesignFinal/Proj_2/Saved/Config/Windows/Engine.ini]
[2019.05.13-03.31.45:438][  0]LogInit: Computer: LAPTOP-CDUJVC7F
[2019.05.13-03.31.45:438][  0]LogInit: User: yukii
[2019.05.13-03.31.45:438][  0]LogInit: CPU Page size=4096, Cores=6
[2019.05.13-03.31.45:438][  0]LogInit: High frequency timer resolution =2.156252 MHz
[2019.05.13-03.31.45:438][  0]LogMemory: Memory total: Physical=15.9GB (16GB approx)
[2019.05.13-03.31.45:438][  0]LogMemory: Platform Memory Stats for Windows
[2019.05.13-03.31.45:438][  0]LogMemory: Process Physical Memory: 105.50 MB used, 105.50 MB peak
[2019.05.13-03.31.45:438][  0]LogMemory: Process Virtual Memory: 92.80 MB used, 92.80 MB peak
[2019.05.13-03.31.45:438][  0]LogMemory: Physical Memory: 10616.95 MB used,  5618.57 MB free, 16235.52 MB total
[2019.05.13-03.31.45:438][  0]LogMemory: Virtual Memory: 4672.07 MB used,  134213056.00 MB free, 134217728.00 MB total
[2019.05.13-03.31.45:890][  0]LogInit: Using OS detected language (en-US).
[2019.05.13-03.31.45:891][  0]LogInit: Using OS detected locale (en-US).
[2019.05.13-03.31.45:892][  0]LogTextLocalizationManager: No specific localization for 'en-US' exists, so the 'en' localization will be used.
[2019.05.13-03.31.46:243][  0]LogStreaming: Display: Took  0.352s to InitEngineTextLocalization.
[2019.05.13-03.31.46:243][  0]LogInit: Setting process to per monitor DPI aware
[2019.05.13-03.31.46:277][  0]LogSlate: New Slate User Created.  User Index 0, Is Virtual User: 0
[2019.05.13-03.31.46:277][  0]LogSlate: Slate User Registered.  User Index 0, Is Virtual User: 0
[2019.05.13-03.31.46:515][  0]LogHMD: Failed to initialize OpenVR with code 110
[2019.05.13-03.31.46:515][  0]LogD3D11RHI: D3D11 adapters:
[2019.05.13-03.31.46:583][  0]LogD3D11RHI:    0. 'NVIDIA GeForce GTX 1060' (Feature Level 11_0)
[2019.05.13-03.31.46:583][  0]LogD3D11RHI:       6052/0/8117 MB DedicatedVideo/DedicatedSystem/SharedSystem, Outputs:1, VendorId:0x10de
[2019.05.13-03.31.46:602][  0]LogD3D11RHI:    1. 'Intel(R) UHD Graphics 630' (Feature Level 11_0)
[2019.05.13-03.31.46:602][  0]LogD3D11RHI:       128/0/8117 MB DedicatedVideo/DedicatedSystem/SharedSystem, Outputs:0, VendorId:0x8086
[2019.05.13-03.31.46:604][  0]LogD3D11RHI:    2. 'Microsoft Basic Render Driver' (Feature Level 11_0)
[2019.05.13-03.31.46:604][  0]LogD3D11RHI:       0/0/8117 MB DedicatedVideo/DedicatedSystem/SharedSystem, Outputs:0, VendorId:0x1414
[2019.05.13-03.31.46:604][  0]LogD3D11RHI: Chosen D3D11 Adapter: 0
[2019.05.13-03.31.46:637][  0]LogD3D11RHI: Creating new Direct3DDevice
[2019.05.13-03.31.46:637][  0]LogD3D11RHI:     GPU DeviceId: 0x1c20 (for the marketing name, search the web for "GPU Device Id")
[2019.05.13-03.31.46:637][  0]LogWindows: EnumDisplayDevices:
[2019.05.13-03.31.46:637][  0]LogWindows:    0. 'Intel(R) UHD Graphics 630' (P:1 D:1)
[2019.05.13-03.31.46:637][  0]LogWindows:    1. 'Intel(R) UHD Graphics 630' (P:0 D:0)
[2019.05.13-03.31.46:638][  0]LogWindows:    2. 'Intel(R) UHD Graphics 630' (P:0 D:0)
[2019.05.13-03.31.46:638][  0]LogWindows:    3. 'NVIDIA GeForce GTX 1060' (P:0 D:0)
[2019.05.13-03.31.46:638][  0]LogWindows:    4. 'NVIDIA GeForce GTX 1060' (P:0 D:0)
[2019.05.13-03.31.46:638][  0]LogWindows:    5. 'NVIDIA GeForce GTX 1060' (P:0 D:0)
[2019.05.13-03.31.46:638][  0]LogWindows:    6. 'NVIDIA GeForce GTX 1060' (P:0 D:0)
[2019.05.13-03.31.46:639][  0]LogWindows: DebugString: PrimaryIsNotTheChoosenAdapter PrimaryIsNotTheChoosenAdapter PrimaryIsNotTheChoosenAdapter FoundDriverCount:4 
[2019.05.13-03.31.46:639][  0]LogD3D11RHI:     Adapter Name: NVIDIA GeForce GTX 1060
[2019.05.13-03.31.46:639][  0]LogD3D11RHI:   Driver Version: 398.20 (internal:24.21.13.9820, unified:398.20)
[2019.05.13-03.31.46:639][  0]LogD3D11RHI:      Driver Date: 6-6-2018
[2019.05.13-03.31.46:639][  0]LogRHI: Texture pool is 4236 MB (70% of 6052 MB)
[2019.05.13-03.31.46:678][  0]LogD3D11RHI: Async texture creation enabled
[2019.05.13-03.31.46:694][  0]LogD3D11RHI: GPU Timing Frequency: 1000.000000 (Debug: 2 2)
[2019.05.13-03.31.47:005][  0]LogTemp: Display: Loaded TP AllDesktopTargetPlatform
[2019.05.13-03.31.47:017][  0]LogTemp: Display: Loaded TP MacClientTargetPlatform
[2019.05.13-03.31.47:030][  0]LogTemp: Display: Loaded TP MacNoEditorTargetPlatform
[2019.05.13-03.31.47:042][  0]LogTemp: Display: Loaded TP MacServerTargetPlatform
[2019.05.13-03.31.47:055][  0]LogTemp: Display: Loaded TP MacTargetPlatform
[2019.05.13-03.31.47:068][  0]LogTemp: Display: Loaded TP WindowsClientTargetPlatform
[2019.05.13-03.31.47:080][  0]LogTemp: Display: Loaded TP WindowsNoEditorTargetPlatform
[2019.05.13-03.31.47:093][  0]LogTemp: Display: Loaded TP WindowsServerTargetPlatform
[2019.05.13-03.31.47:100][  0]LogTemp: Display: Loaded TP WindowsTargetPlatform
[2019.05.13-03.31.47:171][  0]LogTemp: Display: Loaded TP AndroidTargetPlatform
[2019.05.13-03.31.47:171][  0]LogTemp: Display: Loaded TP AndroidTargetPlatform
[2019.05.13-03.31.47:171][  0]LogTemp: Display: Loaded TP AndroidTargetPlatform
[2019.05.13-03.31.47:171][  0]LogTemp: Display: Loaded TP AndroidTargetPlatform
[2019.05.13-03.31.47:171][  0]LogTemp: Display: Loaded TP AndroidTargetPlatform
[2019.05.13-03.31.47:171][  0]LogTemp: Display: Loaded TP AndroidTargetPlatform
[2019.05.13-03.31.47:171][  0]LogTemp: Display: Loaded TP AndroidTargetPlatform
[2019.05.13-03.31.47:171][  0]LogTemp: Display: Loaded TP AndroidTargetPlatform
[2019.05.13-03.31.47:171][  0]LogTemp: Display: Loaded TP AndroidTargetPlatform
[2019.05.13-03.31.47:171][  0]LogTemp: Display: Loaded TP AndroidTargetPlatform
[2019.05.13-03.31.47:171][  0]LogTemp: Display: Loaded TP AndroidTargetPlatform
[2019.05.13-03.31.47:171][  0]LogTemp: Display: Loaded TP AndroidTargetPlatform
[2019.05.13-03.31.47:171][  0]LogTemp: Display: Loaded TP AndroidTargetPlatform
[2019.05.13-03.31.47:171][  0]LogTemp: Display: Loaded TP AndroidTargetPlatform
[2019.05.13-03.31.47:171][  0]LogTemp: Display: Loaded TP AndroidTargetPlatform
[2019.05.13-03.31.47:171][  0]LogTemp: Display: Loaded TP AndroidTargetPlatform
[2019.05.13-03.31.47:171][  0]LogTemp: Display: Loaded TP AndroidTargetPlatform
[2019.05.13-03.31.47:171][  0]LogTemp: Display: Loaded TP AndroidTargetPlatform
[2019.05.13-03.31.47:173][  0]LogTemp: Display: Loaded TP HTML5TargetPlatform
[2019.05.13-03.31.47:233][  0]LogTemp: Display: Loaded TP IOSTargetPlatform
[2019.05.13-03.31.47:233][  0]LogTemp: Display: Loaded TP IOSTargetPlatform
[2019.05.13-03.31.47:254][  0]LogTemp: Display: Loaded TP TVOSTargetPlatform
[2019.05.13-03.31.47:254][  0]LogTemp: Display: Loaded TP TVOSTargetPlatform
[2019.05.13-03.31.47:267][  0]LogTemp: Display: Loaded TP LinuxClientTargetPlatform
[2019.05.13-03.31.47:278][  0]LogTemp: Display: Loaded TP LinuxNoEditorTargetPlatform
[2019.05.13-03.31.47:290][  0]LogTemp: Display: Loaded TP LinuxServerTargetPlatform
[2019.05.13-03.31.47:303][  0]LogTemp: Display: Loaded TP LinuxTargetPlatform
[2019.05.13-03.31.47:345][  0]LogTemp: Display: Loaded TP LuminTargetPlatform
[2019.05.13-03.31.47:345][  0]LogTemp: Display: Loaded TP LuminTargetPlatform
[2019.05.13-03.31.47:345][  0]LogTargetPlatformManager: Display: Building Assets For Windows
[2019.05.13-03.31.47:416][  0]LogShaderCompilers: Guid format shader working directory is -28 characters bigger than the processId version (D:/NYU/First Year Semester II/Level Design Studio/LevelDesignFinal/Proj_2/Intermediate/Shaders/WorkingDirectory/34144/).
[2019.05.13-03.31.47:416][  0]LogShaderCompilers: Cleaned the shader compiler working directory 'C:/Users/yukii/AppData/Local/Temp/UnrealShaderWorkingDir/9EDF3A1F46EF418E7A414E82B3F3846B/'.
[2019.05.13-03.31.47:419][  0]LogXGEController: Cannot use XGE Controller as Incredibuild is not installed on this machine.
[2019.05.13-03.31.47:419][  0]LogShaderCompilers: Cannot use XGE Shader Compiler as Incredibuild is not installed on this machine.
[2019.05.13-03.31.47:419][  0]LogShaderCompilers: Display: Using Local Shader Compiler.
[2019.05.13-03.31.47:895][  0]LogDerivedDataCache: Display: Max Cache Size: 512 MB
[2019.05.13-03.31.47:945][  0]LogDerivedDataCache: Loaded boot cache 0.05s 71MB C:/Users/yukii/AppData/Local/UnrealEngine/4.21/DerivedDataCache/Boot.ddc.
[2019.05.13-03.31.47:946][  0]LogDerivedDataCache: Display: Loaded Boot cache: C:/Users/yukii/AppData/Local/UnrealEngine/4.21/DerivedDataCache/Boot.ddc
[2019.05.13-03.31.47:946][  0]LogDerivedDataCache: FDerivedDataBackendGraph:  Pak pak cache file D:/NYU/First Year Semester II/Level Design Studio/LevelDesignFinal/Proj_2/DerivedDataCache/DDC.ddp not found, will not use a pak cache.
[2019.05.13-03.31.47:946][  0]LogDerivedDataCache: Unable to find inner node Pak for hierarchical cache Hierarchy.
[2019.05.13-03.31.47:946][  0]LogDerivedDataCache: FDerivedDataBackendGraph:  CompressedPak pak cache file D:/NYU/First Year Semester II/Level Design Studio/LevelDesignFinal/Proj_2/DerivedDataCache/Compressed.ddp not found, will not use a pak cache.
[2019.05.13-03.31.47:946][  0]LogDerivedDataCache: Unable to find inner node CompressedPak for hierarchical cache Hierarchy.
[2019.05.13-03.31.47:960][  0]LogDerivedDataCache: Display: Pak cache opened for reading ../../../Engine/DerivedDataCache/Compressed.ddp.
[2019.05.13-03.31.47:960][  0]LogDerivedDataCache: FDerivedDataBackendGraph:  EnterprisePak pak cache file ../../../Enterprise/DerivedDataCache/Compressed.ddp not found, will not use a pak cache.
[2019.05.13-03.31.47:960][  0]LogDerivedDataCache: Unable to find inner node EnterprisePak for hierarchical cache Hierarchy.
[2019.05.13-03.31.47:973][  0]LogDerivedDataCache: Using Local data cache path C:/Users/yukii/AppData/Local/UnrealEngine/Common/DerivedDataCache: Writable
[2019.05.13-03.31.47:973][  0]LogDerivedDataCache: Shared data cache path not found in *engine.ini, will not use an Shared cache.
[2019.05.13-03.31.47:973][  0]LogDerivedDataCache: Unable to find inner node Shared for hierarchical cache Hierarchy.
[2019.05.13-03.31.47:992][  0]LogMaterial: Verifying Global Shaders for PCD3D_SM5
[2019.05.13-03.31.47:993][  0]LogSlate: Using FreeType 2.6.0
[2019.05.13-03.31.47:994][  0]LogSlate: SlateFontServices - WITH_FREETYPE: 1, WITH_HARFBUZZ: 1
[2019.05.13-03.31.48:080][  0]LogAssetRegistry: FAssetRegistry took 0.0325 seconds to start up
[2019.05.13-03.31.48:403][  0]LogInit: Selected Device Profile: [Windows]
[2019.05.13-03.31.48:565][  0]LogSimplygon: Simplygon DLL not present - disabling.
[2019.05.13-03.31.48:570][  0]LogMeshReduction: Using SimplygonSwarm for distributed automatic mesh merging
[2019.05.13-03.31.48:570][  0]LogMeshReduction: Using ProxyLODMeshReduction for automatic mesh merging
[2019.05.13-03.31.48:570][  0]LogMeshReduction: Using QuadricMeshReduction for automatic static mesh reduction
[2019.05.13-03.31.48:570][  0]LogMeshReduction: No automatic skeletal mesh reduction module available
[2019.05.13-03.31.48:582][  0]LogNetVersion: Proj_2 1.0.0, NetCL: 4541578, EngineNetVer: 5, GameNetVer: 0 (Checksum: 1343733239)
[2019.05.13-03.31.49:107][  0]LogPackageLocalizationCache: Processed 11 localized package path(s) for 2 prioritized culture(s) in 0.078289 seconds
[2019.05.13-03.31.49:114][  0]LogUObjectArray: 39775 objects as part of root set at end of initial load.
[2019.05.13-03.31.49:114][  0]LogUObjectAllocator: 6914656 out of 0 bytes used by permanent object pool.
[2019.05.13-03.31.49:114][  0]LogUObjectArray: CloseDisregardForGC: 0/0 objects in disregard for GC pool
[2019.05.13-03.31.50:016][  0]LogTcpMessaging: Initializing TcpMessaging bridge
[2019.05.13-03.31.50:031][  0]LogUdpMessaging: Initializing bridge on interface 0.0.0.0:0 to multicast group 230.0.0.1:6666.
[2019.05.13-03.31.50:787][  0]SourceControl: Source control is disabled
[2019.05.13-03.31.50:787][  0]SourceControl: Source control is disabled
[2019.05.13-03.31.50:790][  0]SourceControl: Source control is disabled
[2019.05.13-03.31.50:791][  0]SourceControl: Source control is disabled
[2019.05.13-03.31.50:966][  0]LogAndroidPermission: UAndroidPermissionCallbackProxy::GetInstance
[2019.05.13-03.31.51:369][  0]LogOcInput: OculusInput pre-init called
[2019.05.13-03.31.51:503][  0]LogEngine: Initializing Engine...
[2019.05.13-03.31.51:504][  0]LogHMD: Failed to initialize OpenVR with code 110
[2019.05.13-03.31.51:505][  0]LogStats: UGameplayTagsManager::ConstructGameplayTagTree: ImportINI prefixes -  0.000 s
[2019.05.13-03.31.51:505][  0]LogStats: UGameplayTagsManager::ConstructGameplayTagTree: Construct from data asset -  0.000 s
[2019.05.13-03.31.51:505][  0]LogStats: UGameplayTagsManager::ConstructGameplayTagTree: ImportINI -  0.000 s
[2019.05.13-03.31.51:505][  0]LogStats: UGameplayTagsManager::ConstructGameplayTagTree: GameplayTagTreeChangedEvent.Broadcast -  0.000 s
[2019.05.13-03.31.51:726][  0]LogInit: Initializing FReadOnlyCVARCache
[2019.05.13-03.31.51:741][  0]LogAIModule: Creating AISystem for world Untitled
[2019.05.13-03.31.51:790][  0]LogInit: XAudio2 using 'Speakers (Realtek(R) Audio)' : 6 channels at 48 kHz using 32 bits per sample (channel mask 0x3f)
[2019.05.13-03.31.51:886][  0]LogInit: FAudioDevice initialized.
[2019.05.13-03.31.51:886][  0]LogNetVersion: Set ProjectVersion to 1.0.0.0. Version Checksum will be recalculated on next use.
[2019.05.13-03.31.51:946][  0]LogDerivedDataCache: Saved boot cache 0.06s 71MB C:/Users/yukii/AppData/Local/UnrealEngine/4.21/DerivedDataCache/Boot.ddc.
[2019.05.13-03.31.51:951][  0]LogInit: Texture streaming: Enabled
[2019.05.13-03.31.51:973][  0]LogEngineSessionManager: EngineSessionManager initialized
[2019.05.13-03.31.51:992][  0]LogInit: Transaction tracking system initialized
[2019.05.13-03.31.52:019][  0]BlueprintLog: New page: Editor Load
[2019.05.13-03.31.52:111][  0]LocalizationService: Localization service is disabled
[2019.05.13-03.31.52:585][  0]LogFileCache: Scanning file cache for directory 'D:/NYU/First Year Semester II/Level Design Studio/LevelDesignFinal/Proj_2/Content/' took 0.01s
[2019.05.13-03.31.52:585][  0]LogCook: Display: Max memory allowance for cook 16384mb min free memory 0mb
[2019.05.13-03.31.52:585][  0]LogCook: Display: Mobile HDR setting 1
[2019.05.13-03.31.52:585][  0]LogGameplayTags: Display: UGameplayTagsManager::DoneAddingNativeTags. DelegateIsBound: 0
[2019.05.13-03.31.52:585][  0]LogStats: UGameplayTagsManager::ConstructGameplayTagTree: ImportINI prefixes -  0.000 s
[2019.05.13-03.31.52:585][  0]LogStats: UGameplayTagsManager::ConstructGameplayTagTree: Construct from data asset -  0.000 s
[2019.05.13-03.31.52:585][  0]LogStats: UGameplayTagsManager::ConstructGameplayTagTree: ImportINI -  0.000 s
[2019.05.13-03.31.52:585][  0]LogStats: UGameplayTagsManager::ConstructGameplayTagTree: GameplayTagTreeChangedEvent.Broadcast -  0.000 s
[2019.05.13-03.31.52:726][  0]SourceControl: Source control is disabled
[2019.05.13-03.31.52:726][  0]Cmd: MAP LOAD FILE="../../../Engine/Content/Maps/Templates/Template_Default.umap" TEMPLATE=1 SHOWPROGRESS=1 FEATURELEVEL=3
[2019.05.13-03.31.52:726][  0]LightingResults: New page: Lighting Build
[2019.05.13-03.31.52:729][  0]MapCheck: New page: Map Check
[2019.05.13-03.31.52:729][  0]LightingResults: New page: Lighting Build
[2019.05.13-03.31.52:844][  0]LogAIModule: Creating AISystem for world Untitled_1
[2019.05.13-03.31.52:849][  0]LogEditorServer: Finished looking for orphan Actors (0.000 secs)
[2019.05.13-03.31.52:875][  0]Cmd: MAP CHECKDEP NOCLEARLOG
[2019.05.13-03.31.52:875][  0]MapCheck: Map check complete: 0 Error(s), 0 Warning(s), took 0.1ms to complete.
[2019.05.13-03.31.52:875][  0]LogFileHelpers: Loading map 'Template_Default' took 0.149
[2019.05.13-03.31.52:984][  0]LogSlate: Updating window title bar state: overlay mode, drag disabled, window buttons hidden, title bar hidden
[2019.05.13-03.31.52:990][  0]LogSlate: Updating window title bar state: overlay mode, drag disabled, window buttons hidden, title bar hidden
[2019.05.13-03.31.52:996][  0]LogSlate: Updating window title bar state: overlay mode, drag disabled, window buttons hidden, title bar hidden
[2019.05.13-03.31.53:003][  0]LogSlate: Updating window title bar state: overlay mode, drag disabled, window buttons hidden, title bar hidden
[2019.05.13-03.31.53:010][  0]LogCollectionManager: Loaded 0 collections in 0.001861 seconds
[2019.05.13-03.31.53:049][  0]LogFileCache: Scanning file cache for directory 'D:/NYU/First Year Semester II/Level Design Studio/LevelDesignFinal/Proj_2/Saved/Collections/' took 0.01s
[2019.05.13-03.31.53:049][  0]LogFileCache: Scanning file cache for directory 'D:/NYU/First Year Semester II/Level Design Studio/LevelDesignFinal/Proj_2/Content/Developers/yukii/Collections/' took 0.01s
[2019.05.13-03.31.53:049][  0]LogFileCache: Scanning file cache for directory 'D:/NYU/First Year Semester II/Level Design Studio/LevelDesignFinal/Proj_2/Content/Collections/' took 0.01s
[2019.05.13-03.31.53:049][  0]LogCollectionManager: Rebuilt the GUID cache for 0 collections in 0.000000 seconds
[2019.05.13-03.31.53:056][  0]LogContentBrowser: Native class hierarchy populated in 0.0071 seconds. Added 2651 classes and 620 folders.
[2019.05.13-03.31.53:062][  0]LogContentBrowser: Native class hierarchy updated for 'WidgetCarousel' in 0.0003 seconds. Added 0 classes and 0 folders.
[2019.05.13-03.31.53:064][  0]LogPakFile: Registered encryption key '00000000000000000000000000000000': 0 pak files mounted, 0 remain pending
[2019.05.13-03.31.53:065][  0]LogPakFile: Registered encryption key '00000000000000000000000000000000': 0 pak files mounted, 0 remain pending
[2019.05.13-03.31.53:065][  0]LogPakFile: Registered encryption key '00000000000000000000000000000000': 0 pak files mounted, 0 remain pending
[2019.05.13-03.31.53:066][  0]LogPakFile: Registered encryption key '00000000000000000000000000000000': 0 pak files mounted, 0 remain pending
[2019.05.13-03.31.53:066][  0]LogPakFile: Registered encryption key '00000000000000000000000000000000': 0 pak files mounted, 0 remain pending
[2019.05.13-03.31.53:067][  0]LogPakFile: Registered encryption key '00000000000000000000000000000000': 0 pak files mounted, 0 remain pending
[2019.05.13-03.31.53:067][  0]LogPakFile: Registered encryption key '00000000000000000000000000000000': 0 pak files mounted, 0 remain pending
[2019.05.13-03.31.53:068][  0]LogPakFile: Registered encryption key '00000000000000000000000000000000': 0 pak files mounted, 0 remain pending
[2019.05.13-03.31.53:068][  0]LogPakFile: Registered encryption key '00000000000000000000000000000000': 0 pak files mounted, 0 remain pending
[2019.05.13-03.31.53:069][  0]LogPakFile: Registered encryption key '00000000000000000000000000000000': 0 pak files mounted, 0 remain pending
[2019.05.13-03.31.53:069][  0]LogPakFile: Registered encryption key '00000000000000000000000000000000': 0 pak files mounted, 0 remain pending
[2019.05.13-03.31.53:070][  0]LogPakFile: Registered encryption key '00000000000000000000000000000000': 0 pak files mounted, 0 remain pending
[2019.05.13-03.31.53:070][  0]LogPakFile: Registered encryption key '00000000000000000000000000000000': 0 pak files mounted, 0 remain pending
[2019.05.13-03.31.53:071][  0]LogPakFile: Registered encryption key '00000000000000000000000000000000': 0 pak files mounted, 0 remain pending
[2019.05.13-03.31.53:071][  0]LogPakFile: Registered encryption key '00000000000000000000000000000000': 0 pak files mounted, 0 remain pending
[2019.05.13-03.31.53:072][  0]LogPakFile: Registered encryption key '00000000000000000000000000000000': 0 pak files mounted, 0 remain pending
[2019.05.13-03.31.53:072][  0]LogPakFile: Registered encryption key '00000000000000000000000000000000': 0 pak files mounted, 0 remain pending
[2019.05.13-03.31.53:073][  0]LogPakFile: Registered encryption key '00000000000000000000000000000000': 0 pak files mounted, 0 remain pending
[2019.05.13-03.31.53:073][  0]LogPakFile: Registered encryption key '00000000000000000000000000000000': 0 pak files mounted, 0 remain pending
[2019.05.13-03.31.53:074][  0]LogPakFile: Registered encryption key '00000000000000000000000000000000': 0 pak files mounted, 0 remain pending
[2019.05.13-03.31.53:074][  0]LogPakFile: Registered encryption key '00000000000000000000000000000000': 0 pak files mounted, 0 remain pending
[2019.05.13-03.31.53:075][  0]LogPakFile: Registered encryption key '00000000000000000000000000000000': 0 pak files mounted, 0 remain pending
[2019.05.13-03.31.53:075][  0]LogPakFile: Registered encryption key '00000000000000000000000000000000': 0 pak files mounted, 0 remain pending
[2019.05.13-03.31.53:076][  0]LogPakFile: Registered encryption key '00000000000000000000000000000000': 0 pak files mounted, 0 remain pending
[2019.05.13-03.31.53:076][  0]LogPakFile: Registered encryption key '00000000000000000000000000000000': 0 pak files mounted, 0 remain pending
[2019.05.13-03.31.53:077][  0]LogPakFile: Registered encryption key '00000000000000000000000000000000': 0 pak files mounted, 0 remain pending
[2019.05.13-03.31.53:123][  0]LogContentBrowser: Native class hierarchy updated for 'AddContentDialog' in 0.0002 seconds. Added 0 classes and 0 folders.
[2019.05.13-03.31.53:128][  0]LogContentBrowser: Native class hierarchy updated for 'SceneOutliner' in 0.0003 seconds. Added 1 classes and 2 folders.
[2019.05.13-03.31.53:142][  0]LogSlate: Took 0.000412 seconds to synchronously load lazily loaded font '../../../Engine/Content/Slate/Fonts/Roboto-Regular.ttf' (155K)
[2019.05.13-03.31.53:143][  0]LogSlate: Took 0.000187 seconds to synchronously load lazily loaded font '../../../Engine/Content/Slate/Fonts/Roboto-Bold.ttf' (160K)
[2019.05.13-03.31.53:147][  0]LogSlate: Took 0.000169 seconds to synchronously load lazily loaded font '../../../Engine/Content/Editor/Slate/Fonts/FontAwesome.ttf' (139K)
[2019.05.13-03.31.53:222][  0]LogRenderer: Reallocating scene render targets to support 964x436 Format 10 NumSamples 1 (Frame:1).
[2019.05.13-03.31.53:439][  0]LogContentBrowser: Native class hierarchy updated for 'HierarchicalLODOutliner' in 0.0004 seconds. Added 0 classes and 0 folders.
[2019.05.13-03.31.53:439][  0]LogLoad: (Engine Initialization) Total time: 10.29 seconds
[2019.05.13-03.31.53:439][  0]LogLoad: (Engine Initialization) Total Blueprint compile time: 0.00 seconds
[2019.05.13-03.31.53:519][  0]LogContentStreaming: Texture pool size now 1000 MB
[2019.05.13-03.31.53:536][  0]LogSlate: Took 0.000229 seconds to synchronously load lazily loaded font '../../../Engine/Content/Slate/Fonts/Roboto-Light.ttf' (167K)
[2019.05.13-03.31.53:562][  1]LogAssetRegistry: Asset discovery search completed in 5.5057 seconds
[2019.05.13-03.31.53:564][  1]LogCollectionManager: Rebuilt the object cache for 0 collections in 0.000000 seconds (found 0 objects)
[2019.05.13-03.31.53:564][  1]LogCollectionManager: Fixed up redirectors for 0 collections in 0.000058 seconds (updated 0 objects)
[2019.05.13-03.34.12:924][493]LogSlate: FSceneViewport::OnFocusLost() reason 0
[2019.05.13-03.34.13:080][502]LogSlate: Took 0.000255 seconds to synchronously load lazily loaded font '../../../Engine/Content/Slate/Fonts/Roboto-Light.ttf' (167K)
[2019.05.13-03.34.13:657][502]LogMaterial: Display: Missing cached shader map for material skybox, compiling. 
[2019.05.13-03.34.13:724][502]LogShaderCompilers: Display: Shaders left to compile 36
[2019.05.13-03.34.13:724][502]LogShaderCompilers: Display: Shaders left to compile 26
[2019.05.13-03.34.13:724][502]LogShaderCompilers: Display: Shaders left to compile 16
[2019.05.13-03.34.13:724][502]LogShaderCompilers: Display: Shaders left to compile 6
[2019.05.13-03.34.13:724][502]LogMaterial: Display: Missing cached shader map for material NewSat01, compiling. 
[2019.05.13-03.34.13:763][502]LogMaterial: Display: Missing cached shader map for material blackboard2, compiling. 
[2019.05.13-03.34.13:791][502]LogShaderCompilers: Display: Shaders left to compile 31
[2019.05.13-03.34.13:791][502]LogShaderCompilers: Display: Shaders left to compile 21
[2019.05.13-03.34.13:791][502]LogShaderCompilers: Display: Shaders left to compile 11
[2019.05.13-03.34.13:791][502]LogShaderCompilers: Display: Shaders left to compile 1
[2019.05.13-03.34.13:976][502]LogMaterial: Display: Missing cached shader map for material _office_04_quads_08___Default, compiling. 
[2019.05.13-03.34.14:048][502]LogMaterial: Display: Missing cached shader map for material _building_08_quads_building, compiling. 
[2019.05.13-03.34.14:070][502]LogMaterial: Display: Missing cached shader map for material _industrial_building_02_quads_NewAntenneLamp, compiling. 
[2019.05.13-03.34.14:170][502]LogMaterial: Display: Missing cached shader map for material lambert1, compiling. 
[2019.05.13-03.34.14:232][502]LogMaterial: Display: Missing cached shader map for material designed_dark_wood_20120906_1820597368_Mat, compiling. 
[2019.05.13-03.34.14:354][502]LogMaterial: Display: Missing cached shader map for material lambert2SG, compiling. 
[2019.05.13-03.34.14:445][502]LogShaderCompilers: Display: Shaders left to compile 208
[2019.05.13-03.34.14:445][502]LogMaterial: Display: Missing cached shader map for material NewApartment_02, compiling. 
[2019.05.13-03.34.14:511][502]LogMaterial: Display: Missing cached shader map for material grid_Mat, compiling. 
[2019.05.13-03.34.14:617][502]LogMaterial: Display: Missing cached shader map for material antenna, compiling. 
[2019.05.13-03.34.14:732][502]LogMaterial: Display: Missing cached shader map for material _building_02_quads_building, compiling. 
[2019.05.13-03.34.14:765][502]LogMaterial: Display: Missing cached shader map for material Newskyscraper01, compiling. 
[2019.05.13-03.34.14:843][502]LogMaterial: Display: Missing cached shader map for material Orange, compiling. 
[2019.05.13-03.34.14:887][502]LogMaterial: Display: Missing cached shader map for material blinn1, compiling. 
[2019.05.13-03.34.14:986][502]LogMaterial: Display: Missing cached shader map for material initialShadingGroup, compiling. 
[2019.05.13-03.34.15:067][502]LogMaterial: Display: Missing cached shader map for material building_03_Mat, compiling. 
[2019.05.13-03.34.15:109][502]LogMaterial: Display: Missing cached shader map for material building_02_specular_alt_Mat, compiling. 
[2019.05.13-03.34.15:187][502]LogMaterial: Display: Missing cached shader map for material newWood, compiling. 
[2019.05.13-03.34.15:236][502]LogMaterial: Display: Missing cached shader map for material lambert6SG, compiling. 
[2019.05.13-03.34.15:298][502]LogMaterial: Display: Missing cached shader map for material lambert7SG, compiling. 
[2019.05.13-03.34.15:387][502]LogMaterial: Display: Missing cached shader map for material _apartment_01_quads_NewNewMat, compiling. 
[2019.05.13-03.34.15:519][502]LogMaterial: Display: Missing cached shader map for material Cement_Wall_Mat, compiling. 
[2019.05.13-03.34.15:575][502]LogMaterial: Display: Missing cached shader map for material building_08_Mat, compiling. 
[2019.05.13-03.34.15:766][502]LogMaterial: Display: Missing cached shader map for material CollectibleMaterial, compiling. 
[2019.05.13-03.34.15:894][502]LogAIModule: Creating AISystem for world Midterm
[2019.05.13-03.34.15:995][502]LogAssetEditorManager: Opening Asset editor for World /Game/Midterm.Midterm
[2019.05.13-03.34.16:078][502]Cmd: MAP LOAD FILE="D:/NYU/First Year Semester II/Level Design Studio/LevelDesignFinal/Proj_2/Content/Midterm.umap" TEMPLATE=0 SHOWPROGRESS=1 FEATURELEVEL=3
[2019.05.13-03.34.16:078][502]LightingResults: New page: Lighting Build
[2019.05.13-03.34.16:079][502]LoadErrors: New page: Loading map: Midterm.umap
[2019.05.13-03.34.16:081][502]MapCheck: New page: Map Check
[2019.05.13-03.34.16:081][502]LightingResults: New page: Lighting Build
[2019.05.13-03.34.16:210][502]LogEditorServer: Finished looking for orphan Actors (0.001 secs)
[2019.05.13-03.34.16:316][502]Cmd: MAP CHECKDEP NOCLEARLOG
[2019.05.13-03.34.16:317][502]MapCheck: Map check complete: 0 Error(s), 0 Warning(s), took 0.625ms to complete.
[2019.05.13-03.34.16:317][502]LogFileHelpers: Loading map 'Midterm' took 0.240
[2019.05.13-03.34.16:523][503]LogRenderer: Reallocating scene render targets to support 1024x436 Format 10 NumSamples 1 (Frame:1).
[2019.05.13-03.34.16:902][504]LogShaderCompilers: Display: Shaders left to compile 754
[2019.05.13-03.34.17:042][507]PIE: Warning: Constraint in '/Engine/Transient.World_5:PersistentLevel.OfficeDoor_Blueprint_C_0.PhysicsConstraint' attempting to create a joint between objects that are both static.  No joint created.
[2019.05.13-03.34.17:042][507]PIE: Warning: Constraint in '/Engine/Transient.World_5:PersistentLevel.OfficeDoor_Blueprint_C_0.PhysicsConstraint1' attempting to create a joint between objects that are both static.  No joint created.
[2019.05.13-03.34.17:110][510]LogShaderCompilers: Display: Shaders left to compile 744
[2019.05.13-03.34.17:638][527]LogRHI: Error: SyncInterval 0
[2019.05.13-03.34.17:638][527]LogRHI: Error: SwapChainDesc.BufferDesc.Width 32
[2019.05.13-03.34.17:638][527]LogRHI: Error: SwapChainDesc.BufferDesc.Height 68
[2019.05.13-03.34.17:638][527]LogRHI: Error: SwapChainDesc.BufferDesc.RefreshRate.Numerator 0
[2019.05.13-03.34.17:638][527]LogRHI: Error: SwapChainDesc.BufferDesc.RefreshRate.Denominator 0
[2019.05.13-03.34.17:638][527]LogRHI: Error: SwapChainDesc.BufferDesc.Format 24
[2019.05.13-03.34.17:638][527]LogRHI: Error: SwapChainDesc.BufferDesc.ScanlineOrdering 0
[2019.05.13-03.34.17:638][527]LogRHI: Error: SwapChainDesc.BufferDesc.Scaling 0
[2019.05.13-03.34.17:638][527]LogRHI: Error: SwapChainDesc.SampleDesc.Count 1
[2019.05.13-03.34.17:638][527]LogRHI: Error: SwapChainDesc.SampleDesc.Quality 0
[2019.05.13-03.34.17:638][527]LogRHI: Error: SwapChainDesc.BufferUsage 48
[2019.05.13-03.34.17:638][527]LogRHI: Error: SwapChainDesc.BufferCount 1
[2019.05.13-03.34.17:638][527]LogRHI: Error: SwapChainDesc.OutputWindow 00000000005B1DB4
[2019.05.13-03.34.17:638][527]LogRHI: Error: SwapChainDesc.Windowed true
[2019.05.13-03.34.17:638][527]LogRHI: Error: SwapChainDesc.SwapEffect 0
[2019.05.13-03.34.17:638][527]LogRHI: Error: SwapChainDesc.Flags 2
[2019.05.13-03.34.17:638][527]LogD3D11RHI: Error: Result failed 
 at D:\Build\++UE4\Sync\Engine\Source\Runtime\Windows\D3D11RHI\Private\D3D11Viewport.cpp:361 
 with error E_INVALIDARG
[2019.05.13-03.34.17:638][527]LogWindows: Windows GetLastError: The operation completed successfully. (0)
[2019.05.13-03.34.21:226][527]LogShaderCompilers: Display: Shaders left to compile 734
[2019.05.13-03.34.21:226][527]LogShaderCompilers: Display: Shaders left to compile 724
[2019.05.13-03.34.21:226][527]LogShaderCompilers: Display: Shaders left to compile 714
[2019.05.13-03.34.21:226][527]LogShaderCompilers: Display: Shaders left to compile 704
[2019.05.13-03.34.21:226][527]LogShaderCompilers: Display: Shaders left to compile 694
[2019.05.13-03.34.21:226][527]LogShaderCompilers: Display: Shaders left to compile 684
[2019.05.13-03.34.21:226][527]LogShaderCompilers: Display: Shaders left to compile 674
[2019.05.13-03.34.21:226][527]LogOutputDevice: Warning: 

Script Stack (0 frames):

[2019.05.13-03.34.21:226][527]LogWindows: Windows GetLastError: The operation completed successfully. (0)
[2019.05.13-03.34.21:228][527]LogWindows: Error: === Critical error: ===
[2019.05.13-03.34.21:228][527]LogWindows: Error: 
[2019.05.13-03.34.21:228][527]LogWindows: Error: Fatal error: [File:D:\Build\++UE4\Sync\Engine\Source\Runtime\RenderCore\Private\RenderingThread.cpp] [Line: 826] 
[2019.05.13-03.34.21:228][527]LogWindows: Error: Rendering thread exception:
[2019.05.13-03.34.21:228][527]LogWindows: Error: Fatal error: [File:D:\Build\++UE4\Sync\Engine\Source\Runtime\Windows\D3D11RHI\Private\D3D11Util.cpp] [Line: 251] 
[2019.05.13-03.34.21:228][527]LogWindows: Error: Result failed 
[2019.05.13-03.34.21:228][527]LogWindows: Error:  at D:\Build\++UE4\Sync\Engine\Source\Runtime\Windows\D3D11RHI\Private\D3D11Viewport.cpp:361 
[2019.05.13-03.34.21:228][527]LogWindows: Error:  with error E_INVALIDARG
[2019.05.13-03.34.21:228][527]LogWindows: Error: 
[2019.05.13-03.34.21:228][527]LogWindows: Error: 
[2019.05.13-03.34.21:228][527]LogWindows: Error: [Callstack] 0x00007ff9a39ca388 KERNELBASE.dll!UnknownFunction []
[2019.05.13-03.34.21:228][527]LogWindows: Error: [Callstack] 0x00007ff8d8eacd1a UE4Editor-Core.dll!UnknownFunction []
[2019.05.13-03.34.21:228][527]LogWindows: Error: [Callstack] 0x00007ff8d8c8a967 UE4Editor-Core.dll!UnknownFunction []
[2019.05.13-03.34.21:228][527]LogWindows: Error: [Callstack] 0x00007ff8d8bc0df7 UE4Editor-Core.dll!UnknownFunction []
[2019.05.13-03.34.21:228][527]LogWindows: Error: [Callstack] 0x00007ff8cb0d0f16 UE4Editor-D3D11RHI.dll!UnknownFunction []
[2019.05.13-03.34.21:228][527]LogWindows: Error: [Callstack] 0x00007ff8cb0aeb8e UE4Editor-D3D11RHI.dll!UnknownFunction []
[2019.05.13-03.34.21:228][527]LogWindows: Error: [Callstack] 0x00007ff8cb0bc798 UE4Editor-D3D11RHI.dll!UnknownFunction []
[2019.05.13-03.34.21:228][527]LogWindows: Error: [Callstack] 0x00007ff953303905 UE4Editor-RHI.dll!UnknownFunction []
[2019.05.13-03.34.21:228][527]LogWindows: Error: [Callstack] 0x00007ff953303495 UE4Editor-RHI.dll!UnknownFunction []
[2019.05.13-03.34.21:228][527]LogWindows: Error: [Callstack] 0x00007ff9533045bc UE4Editor-RHI.dll!UnknownFunction []
[2019.05.13-03.34.21:228][527]LogWindows: Error: [Callstack] 0x00007ff9532fba45 UE4Editor-RHI.dll!UnknownFunction []
[2019.05.13-03.34.21:229][527]LogWindows: Error: [Callstack] 0x00007ff8cae0179e UE4Editor-SlateRHIRenderer.dll!UnknownFunction []
[2019.05.13-03.34.21:229][527]LogWindows: Error: [Callstack] 0x00007ff8cae079ca UE4Editor-SlateRHIRenderer.dll!UnknownFunction []
[2019.05.13-03.34.21:229][527]LogWindows: Error: [Callstack] 0x00007ff8d8a51798 UE4Editor-Core.dll!UnknownFunction []
[2019.05.13-03.34.21:229][527]LogWindows: Error: [Callstack] 0x00007ff8d8a51c56 UE4Editor-Core.dll!UnknownFunction []
[2019.05.13-03.34.21:229][527]LogWindows: Error: [Callstack] 0x00007ff96a589af9 UE4Editor-RenderCore.dll!UnknownFunction []
[2019.05.13-03.34.21:229][527]LogWindows: Error: [Callstack] 0x00007ff96a58aa74 UE4Editor-RenderCore.dll!UnknownFunction []
[2019.05.13-03.34.21:229][527]LogWindows: Error: [Callstack] 0x00007ff8d8eac500 UE4Editor-Core.dll!UnknownFunction []
[2019.05.13-03.34.21:229][527]LogWindows: Error: [Callstack] 0x00007ff8d8e9cac1 UE4Editor-Core.dll!UnknownFunction []
[2019.05.13-03.34.21:229][527]LogWindows: Error: [Callstack] 0x00007ff9a6af4034 KERNEL32.DLL!UnknownFunction []
[2019.05.13-03.34.21:229][527]LogWindows: Error: [Callstack] 0x00007ff9a7633691 ntdll.dll!UnknownFunction []
[2019.05.13-03.34.21:229][527]LogWindows: Error: 
[2019.05.13-03.34.21:229][527]LogWindows: Error: 
[2019.05.13-03.34.21:229][527]LogWindows: Error: 
[2019.05.13-03.34.21:229][527]LogWindows: Error: 
[2019.05.13-03.34.21:254][527]LogExit: Executing StaticShutdownAfterError
[2019.05.13-03.34.21:262][527]LogWindows: FPlatformMisc::RequestExit(1)
[2019.05.13-03.34.21:273][527]Log file closed, 05/12/19 23:34:21
