Log file open, 05/19/19 22:52:26
LogWindows: Failed to load 'aqProf.dll' (GetLastError=126)
LogWindows: File 'aqProf.dll' does not exist
LogWindows: Failed to load 'VtuneApi.dll' (GetLastError=126)
LogWindows: File 'VtuneApi.dll' does not exist
LogWindows: Failed to load 'VtuneApi32e.dll' (GetLastError=126)
LogWindows: File 'VtuneApi32e.dll' does not exist
LogConsoleResponse: Display: Failed to find resolution value strings in scalability ini. Falling back to default.
LogInit: Display: Running engine for game: Proj_2
LogPakFile: Registered encryption key '00000000000000000000000000000000': 0 pak files mounted, 0 remain pending
LogPlatformFile: Not using cached read wrapper
LogTaskGraph: Started task graph with 5 named threads and 35 total threads with 3 sets of task threads.
LogStats: Stats thread started at 0.410698
LogD3D11RHI: Loaded GFSDK_Aftermath_Lib.x64.dll
LogICUInternationalization: ICU TimeZone Detection - Raw Offset: -5:00, Platform Override: ''
LogPluginManager: Mounting plugin Paper2D
LogPluginManager: Mounting plugin AISupport
LogPluginManager: Mounting plugin LightPropagationVolume
LogPluginManager: Mounting plugin ActorLayerUtilities
LogPluginManager: Mounting plugin CLionSourceCodeAccess
LogPluginManager: Mounting plugin CodeLiteSourceCodeAccess
LogPluginManager: Mounting plugin GitSourceControl
LogPluginManager: Mounting plugin KDevelopSourceCodeAccess
LogPluginManager: Mounting plugin NullSourceCodeAccess
LogPluginManager: Mounting plugin PerforceSourceControl
LogPluginManager: Mounting plugin SubversionSourceControl
LogPluginManager: Mounting plugin UObjectPlugin
LogPluginManager: Mounting plugin VisualStudioCodeSourceCodeAccess
LogPluginManager: Mounting plugin VisualStudioSourceCodeAccess
LogPluginManager: Mounting plugin XCodeSourceCodeAccess
LogPluginManager: Mounting plugin AssetManagerEditor
LogPluginManager: Mounting plugin CryptoKeys
LogPluginManager: Mounting plugin DataValidation
LogPluginManager: Mounting plugin FacialAnimation
LogPluginManager: Mounting plugin GameplayTagsEditor
LogPluginManager: Mounting plugin MacGraphicsSwitching
LogPluginManager: Mounting plugin MeshEditor
LogPluginManager: Mounting plugin MobileLauncherProfileWizard
LogPluginManager: Mounting plugin PluginBrowser
LogPluginManager: Mounting plugin SpeedTreeImporter
LogPluginManager: Mounting plugin DatasmithContent
LogPluginManager: Mounting plugin VariantManagerContent
LogPluginManager: Mounting plugin AlembicImporter
LogPluginManager: Mounting plugin AppleImageUtils
LogPluginManager: Mounting plugin AppleVision
LogPluginManager: Mounting plugin BackChannel
LogPluginManager: Mounting plugin CharacterAI
LogPluginManager: Mounting plugin GeometryCache
LogPluginManager: Mounting plugin HTML5Networking
LogPluginManager: Mounting plugin ProxyLODPlugin
LogPluginManager: Mounting plugin MagicLeap
LogPluginManager: Mounting plugin MagicLeapMedia
LogPluginManager: Mounting plugin AndroidMedia
LogPluginManager: Mounting plugin AvfMedia
LogPluginManager: Mounting plugin ImgMedia
LogPluginManager: Mounting plugin LinearTimecode
LogPluginManager: Mounting plugin MediaCompositing
LogPluginManager: Mounting plugin MediaPlayerEditor
LogPluginManager: Mounting plugin WebMMedia
LogPluginManager: Mounting plugin WmfMedia
LogPluginManager: Mounting plugin TcpMessaging
LogPluginManager: Mounting plugin UdpMessaging
LogPluginManager: Mounting plugin ActorSequence
LogPluginManager: Mounting plugin LevelSequenceEditor
LogPluginManager: Mounting plugin MatineeToLevelSequence
LogPluginManager: Mounting plugin NetcodeUnitTest
LogPluginManager: Mounting plugin NUTUnrealEngine4
LogPluginManager: Mounting plugin OnlineSubsystemGooglePlay
LogPluginManager: Mounting plugin OnlineSubsystemIOS
LogPluginManager: Mounting plugin OnlineSubsystem
LogPluginManager: Mounting plugin OnlineSubsystemNull
LogPluginManager: Mounting plugin OnlineSubsystemUtils
LogPluginManager: Mounting plugin LauncherChunkInstaller
LogPluginManager: Mounting plugin AndroidDeviceProfileSelector
LogPluginManager: Mounting plugin AndroidMoviePlayer
LogPluginManager: Mounting plugin AndroidPermission
LogPluginManager: Mounting plugin AppleMoviePlayer
LogPluginManager: Mounting plugin ArchVisCharacter
LogPluginManager: Mounting plugin AudioCapture
LogPluginManager: Mounting plugin CableComponent
LogPluginManager: Mounting plugin CustomMeshComponent
LogPluginManager: Mounting plugin EditableMesh
LogPluginManager: Mounting plugin ExampleDeviceProfileSelector
LogPluginManager: Mounting plugin Firebase
LogPluginManager: Mounting plugin GoogleCloudMessaging
LogPluginManager: Mounting plugin IOSDeviceProfileSelector
LogPluginManager: Mounting plugin LinuxDeviceProfileSelector
LogPluginManager: Mounting plugin LocationServicesBPLibrary
LogPluginManager: Mounting plugin MobilePatchingUtils
LogPluginManager: Mounting plugin OculusVR
LogPluginManager: Mounting plugin PhysXVehicles
LogPluginManager: Mounting plugin ProceduralMeshComponent
LogPluginManager: Mounting plugin RuntimePhysXCooking
LogPluginManager: Mounting plugin SteamVR
LogPluginManager: Mounting plugin WebMMoviePlayer
LogPluginManager: Mounting plugin WindowsMoviePlayer
LogStreaming: Display: Took  0.440s to configure plugins.
LogInit: Using libcurl 7.55.1-DEV
LogInit:  - built for x86_64-pc-win32
LogInit:  - supports SSL with OpenSSL/1.0.2h
LogInit:  - supports HTTP deflate (compression) using libz 1.2.8
LogInit:  - other features:
LogInit:      CURL_VERSION_SSL
LogInit:      CURL_VERSION_LIBZ
LogInit:      CURL_VERSION_IPV6
LogInit:      CURL_VERSION_ASYNCHDNS
LogInit:      CURL_VERSION_LARGEFILE
LogInit:      CURL_VERSION_IDN
LogInit:  CurlRequestOptions (configurable via config and command line):
LogInit:  - bVerifyPeer = true  - Libcurl will verify peer certificate
LogInit:  - bUseHttpProxy = false  - Libcurl will NOT use HTTP proxy
LogInit:  - bDontReuseConnections = false  - Libcurl will reuse connections
LogInit:  - MaxHostConnections = 16  - Libcurl will limit the number of connections to a host
LogInit:  - LocalHostAddr = Default
LogInit:  - BufferSize = 65536
LogInit: WinSock: version 1.1 (2.2), MaxSocks=32767, MaxUdp=65467
LogInit: Build: ++UE4+Release-4.21-CL-4753647
LogInit: Engine Version: 4.21.2-4753647+++UE4+Release-4.21
LogInit: Compatible Engine Version: 4.21.0-4541578+++UE4+Release-4.21
LogInit: Net CL: 4541578
LogInit: OS: Windows 10 (), CPU: Intel(R) Core(TM) i7-8750H CPU @ 2.20GHz, GPU: Intel(R) UHD Graphics 630
LogInit: Compiled (64-bit): Jan 19 2019 02:07:31
LogInit: Compiled with Visual C++: 19.13.26129.00
LogInit: Build Configuration: Development
LogInit: Branch Name: ++UE4+Release-4.21
LogInit: Command Line: 
LogInit: Base Directory: C:/Program Files/Epic Games/UE_4.21/Engine/Binaries/Win64/
LogInit: Installed Engine Build: 1
LogDevObjectVersion: Number of dev versions registered: 22
LogDevObjectVersion:   Dev-Blueprints (B0D832E4-1F89-4F0D-ACCF-7EB736FD4AA2): 10
LogDevObjectVersion:   Dev-Build (E1C64328-A22C-4D53-A36C-8E866417BD8C): 0
LogDevObjectVersion:   Dev-Core (375EC13C-06E4-48FB-B500-84F0262A717E): 2
LogDevObjectVersion:   Dev-Editor (E4B068ED-F494-42E9-A231-DA0B2E46BB41): 26
LogDevObjectVersion:   Dev-Framework (CFFC743F-43B0-4480-9391-14DF171D2073): 34
LogDevObjectVersion:   Dev-Mobile (B02B49B5-BB20-44E9-A304-32B752E40360): 2
LogDevObjectVersion:   Dev-Networking (A4E4105C-59A1-49B5-A7C5-40C4547EDFEE): 0
LogDevObjectVersion:   Dev-Online (39C831C9-5AE6-47DC-9A44-9C173E1C8E7C): 0
LogDevObjectVersion:   Dev-Physics (78F01B33-EBEA-4F98-B9B4-84EACCB95AA2): 0
LogDevObjectVersion:   Dev-Platform (6631380F-2D4D-43E0-8009-CF276956A95A): 0
LogDevObjectVersion:   Dev-Rendering (12F88B9F-8875-4AFC-A67C-D90C383ABD29): 27
LogDevObjectVersion:   Dev-Sequencer (7B5AE74C-D270-4C10-A958-57980B212A5A): 9
LogDevObjectVersion:   Dev-VR (D7296918-1DD6-4BDD-9DE2-64A83CC13884): 2
LogDevObjectVersion:   Dev-LoadTimes (C2A15278-BFE7-4AFE-6C17-90FF531DF755): 1
LogDevObjectVersion:   Private-Geometry (6EACA3D4-40EC-4CC1-B786-8BED09428FC5): 3
LogDevObjectVersion:   Dev-AnimPhys (29E575DD-E0A3-4627-9D10-D276232CDCEA): 17
LogDevObjectVersion:   Dev-Anim (AF43A65D-7FD3-4947-9873-3E8ED9C1BB05): 2
LogDevObjectVersion:   Dev-ReflectionCapture (6B266CEC-1EC7-4B8F-A30B-E4D90942FC07): 1
LogDevObjectVersion:   Dev-Automation (0DF73D61-A23F-47EA-B727-89E90C41499A): 1
LogDevObjectVersion:   FortniteMain (601D1886-AC64-4F84-AA16-D3DE0DEAC7D6): 17
LogDevObjectVersion:   Dev-Enterprise (9DFFBCD6-494F-0158-E221-12823C92A888): 4
LogDevObjectVersion:   Dev-Niagara (F2AED0AC-9AFE-416F-8664-AA7FFA26D6FC): 1
LogStreaming: Display: Took  0.001s to delete old logs.
LogInit: Presizing for max 8388607 objects, including 0 objects not considered by GC, pre-allocating 0 bytes for permanent pool.
LogInit: Object subsystem initialized
LogConfig: Setting CVar [[con.DebugEarlyDefault:1]]
LogConfig: Setting CVar [[r.setres:1280x720]]
[2019.05.20-02.52.27:012][  0]LogConfig: Setting CVar [[r.VSync:0]]
[2019.05.20-02.52.27:012][  0]LogConfig: Setting CVar [[r.RHICmdBypass:0]]
[2019.05.20-02.52.27:012][  0]LogConfig: Applying CVar settings from Section [/Script/Engine.RendererSettings] File [D:/NYU/First Year Semester II/Level Design Studio/LevelDesignFinal/Proj_2/Saved/Config/Windows/Engine.ini]
[2019.05.20-02.52.27:012][  0]LogConfig: Setting CVar [[r.GPUCrashDebugging:0]]
[2019.05.20-02.52.27:012][  0]LogConfig: Setting CVar [[r.MobileHDR:1]]
[2019.05.20-02.52.27:012][  0]LogConfig: Setting CVar [[r.Mobile.DisableVertexFog:1]]
[2019.05.20-02.52.27:012][  0]LogConfig: Setting CVar [[r.Shadow.CSM.MaxMobileCascades:2]]
[2019.05.20-02.52.27:012][  0]LogConfig: Setting CVar [[r.MobileMSAA:1]]
[2019.05.20-02.52.27:012][  0]LogConfig: Setting CVar [[r.Mobile.UseLegacyShadingModel:0]]
[2019.05.20-02.52.27:012][  0]LogConfig: Setting CVar [[r.Mobile.AllowDitheredLODTransition:0]]
[2019.05.20-02.52.27:012][  0]LogConfig: Setting CVar [[r.Mobile.AllowSoftwareOcclusion:0]]
[2019.05.20-02.52.27:012][  0]LogConfig: Setting CVar [[r.DiscardUnusedQuality:0]]
[2019.05.20-02.52.27:012][  0]LogConfig: Setting CVar [[r.AllowOcclusionQueries:1]]
[2019.05.20-02.52.27:012][  0]LogConfig: Setting CVar [[r.MinScreenRadiusForLights:0.030000]]
[2019.05.20-02.52.27:012][  0]LogConfig: Setting CVar [[r.MinScreenRadiusForDepthPrepass:0.030000]]
[2019.05.20-02.52.27:012][  0]LogConfig: Setting CVar [[r.MinScreenRadiusForCSMDepth:0.010000]]
[2019.05.20-02.52.27:012][  0]LogConfig: Setting CVar [[r.PrecomputedVisibilityWarning:0]]
[2019.05.20-02.52.27:012][  0]LogConfig: Setting CVar [[r.TextureStreaming:1]]
[2019.05.20-02.52.27:012][  0]LogConfig: Setting CVar [[Compat.UseDXT5NormalMaps:0]]
[2019.05.20-02.52.27:012][  0]LogConfig: Setting CVar [[r.ClearCoatNormal:0]]
[2019.05.20-02.52.27:012][  0]LogConfig: Setting CVar [[r.ReflectionCaptureResolution:128]]
[2019.05.20-02.52.27:012][  0]LogConfig: Setting CVar [[r.ReflectionEnvironmentLightmapMixBasedOnRoughness:1]]
[2019.05.20-02.52.27:012][  0]LogConfig: Setting CVar [[r.ForwardShading:0]]
[2019.05.20-02.52.27:012][  0]LogConfig: Setting CVar [[r.VertexFoggingForOpaque:1]]
[2019.05.20-02.52.27:012][  0]LogConfig: Setting CVar [[r.AllowStaticLighting:1]]
[2019.05.20-02.52.27:012][  0]LogConfig: Setting CVar [[r.NormalMapsForStaticLighting:0]]
[2019.05.20-02.52.27:012][  0]LogConfig: Setting CVar [[r.GenerateMeshDistanceFields:0]]
[2019.05.20-02.52.27:012][  0]LogConfig: Setting CVar [[r.DistanceFieldBuild.EightBit:0]]
[2019.05.20-02.52.27:012][  0]LogConfig: Setting CVar [[r.GenerateLandscapeGIData:0]]
[2019.05.20-02.52.27:012][  0]LogConfig: Setting CVar [[r.DistanceFieldBuild.Compress:0]]
[2019.05.20-02.52.27:012][  0]LogConfig: Setting CVar [[r.TessellationAdaptivePixelsPerTriangle:48.000000]]
[2019.05.20-02.52.27:012][  0]LogConfig: Setting CVar [[r.SeparateTranslucency:1]]
[2019.05.20-02.52.27:012][  0]LogConfig: Setting CVar [[r.TranslucentSortPolicy:0]]
[2019.05.20-02.52.27:012][  0]LogConfig: Setting CVar [[r.CustomDepth:1]]
[2019.05.20-02.52.27:012][  0]LogConfig: Setting CVar [[r.CustomDepthTemporalAAJitter:1]]
[2019.05.20-02.52.27:012][  0]LogConfig: Setting CVar [[r.PostProcessing.PropagateAlpha:0]]
[2019.05.20-02.52.27:012][  0]LogConfig: Setting CVar [[r.DOF.Algorithm:1]]
[2019.05.20-02.52.27:012][  0]LogConfig: Setting CVar [[r.DefaultFeature.Bloom:1]]
[2019.05.20-02.52.27:012][  0]LogConfig: Setting CVar [[r.DefaultFeature.AmbientOcclusion:1]]
[2019.05.20-02.52.27:012][  0]LogConfig: Setting CVar [[r.DefaultFeature.AmbientOcclusionStaticFraction:1]]
[2019.05.20-02.52.27:012][  0]LogConfig: Setting CVar [[r.DefaultFeature.AutoExposure:0]]
[2019.05.20-02.52.27:012][  0]LogConfig: Setting CVar [[r.DefaultFeature.AutoExposure.Method:0]]
[2019.05.20-02.52.27:012][  0]LogConfig: Setting CVar [[r.DefaultFeature.AutoExposure.ExtendDefaultLuminanceRange:0]]
[2019.05.20-02.52.27:012][  0]LogConfig: Setting CVar [[r.UsePreExposure:0]]
[2019.05.20-02.52.27:012][  0]LogConfig: Setting CVar [[r.DefaultFeature.MotionBlur:0]]
[2019.05.20-02.52.27:012][  0]LogConfig: Setting CVar [[r.DefaultFeature.LensFlare:0]]
[2019.05.20-02.52.27:012][  0]LogConfig: Setting CVar [[r.TemporalAA.Upsampling:0]]
[2019.05.20-02.52.27:012][  0]LogConfig: Setting CVar [[r.DefaultFeature.AntiAliasing:0]]
[2019.05.20-02.52.27:012][  0]LogConfig: Setting CVar [[r.DefaultFeature.LightUnits:1]]
[2019.05.20-02.52.27:012][  0]LogConfig: Setting CVar [[r.DefaultBackBufferPixelFormat:4]]
[2019.05.20-02.52.27:012][  0]LogConfig: Setting CVar [[r.Shadow.UnbuiltPreviewInGame:1]]
[2019.05.20-02.52.27:012][  0]LogConfig: Setting CVar [[r.StencilForLODDither:0]]
[2019.05.20-02.52.27:012][  0]LogConfig: Setting CVar [[r.EarlyZPass:3]]
[2019.05.20-02.52.27:012][  0]LogConfig: Setting CVar [[r.EarlyZPassMovable:1]]
[2019.05.20-02.52.27:012][  0]LogConfig: Setting CVar [[r.EarlyZPassOnlyMaterialMasking:0]]
[2019.05.20-02.52.27:012][  0]LogConfig: Setting CVar [[r.DBuffer:1]]
[2019.05.20-02.52.27:012][  0]LogConfig: Setting CVar [[r.ClearSceneMethod:1]]
[2019.05.20-02.52.27:012][  0]LogConfig: Setting CVar [[r.BasePassOutputsVelocity:0]]
[2019.05.20-02.52.27:012][  0]LogConfig: Setting CVar [[r.SelectiveBasePassOutputs:0]]
[2019.05.20-02.52.27:012][  0]LogConfig: Setting CVar [[fx.GPUSimulationTextureSizeX:1024]]
[2019.05.20-02.52.27:012][  0]LogConfig: Setting CVar [[fx.GPUSimulationTextureSizeY:1024]]
[2019.05.20-02.52.27:012][  0]LogConfig: Setting CVar [[r.AllowGlobalClipPlane:0]]
[2019.05.20-02.52.27:012][  0]LogConfig: Setting CVar [[r.GBufferFormat:1]]
[2019.05.20-02.52.27:012][  0]LogConfig: Setting CVar [[r.MorphTarget.Mode:1]]
[2019.05.20-02.52.27:012][  0]LogConfig: Setting CVar [[vr.InstancedStereo:0]]
[2019.05.20-02.52.27:012][  0]LogConfig: Setting CVar [[vr.MultiView:0]]
[2019.05.20-02.52.27:012][  0]LogConfig: Setting CVar [[vr.MobileMultiView:0]]
[2019.05.20-02.52.27:013][  0]LogConfig: Setting CVar [[vr.MobileMultiView.Direct:0]]
[2019.05.20-02.52.27:013][  0]LogConfig: Setting CVar [[vr.MonoscopicFarField:0]]
[2019.05.20-02.52.27:013][  0]LogConfig: Setting CVar [[vr.RoundRobinOcclusion:0]]
[2019.05.20-02.52.27:013][  0]LogConfig: Setting CVar [[vr.ODSCapture:0]]
[2019.05.20-02.52.27:013][  0]LogConfig: Setting CVar [[r.WireframeCullThreshold:5.000000]]
[2019.05.20-02.52.27:013][  0]LogConfig: Setting CVar [[r.SupportStationarySkylight:1]]
[2019.05.20-02.52.27:013][  0]LogConfig: Setting CVar [[r.SupportLowQualityLightmaps:1]]
[2019.05.20-02.52.27:013][  0]LogConfig: Setting CVar [[r.SupportPointLightWholeSceneShadows:1]]
[2019.05.20-02.52.27:013][  0]LogConfig: Setting CVar [[r.SupportAtmosphericFog:1]]
[2019.05.20-02.52.27:013][  0]LogConfig: Setting CVar [[r.SkinCache.CompileShaders:0]]
[2019.05.20-02.52.27:013][  0]LogConfig: Setting CVar [[r.Mobile.EnableStaticAndCSMShadowReceivers:1]]
[2019.05.20-02.52.27:013][  0]LogConfig: Setting CVar [[r.Mobile.EnableMovableLightCSMShaderCulling:1]]
[2019.05.20-02.52.27:013][  0]LogConfig: Setting CVar [[r.Mobile.AllowDistanceFieldShadows:1]]
[2019.05.20-02.52.27:013][  0]LogConfig: Setting CVar [[r.Mobile.AllowMovableDirectionalLights:1]]
[2019.05.20-02.52.27:013][  0]LogConfig: Setting CVar [[r.MobileNumDynamicPointLights:4]]
[2019.05.20-02.52.27:013][  0]LogConfig: Setting CVar [[r.MobileDynamicPointLightsUseStaticBranch:1]]
[2019.05.20-02.52.27:013][  0]LogConfig: Setting CVar [[r.SkinCache.SceneMemoryLimitInMB:128.000000]]
[2019.05.20-02.52.27:013][  0]LogConfig: Setting CVar [[r.GPUSkin.Limit2BoneInfluences:0]]
[2019.05.20-02.52.27:013][  0]LogConfig: Setting CVar [[r.SupportDepthOnlyIndexBuffers:1]]
[2019.05.20-02.52.27:013][  0]LogConfig: Setting CVar [[r.SupportReversedIndexBuffers:1]]
[2019.05.20-02.52.27:013][  0]LogConfig: Setting CVar [[r.SupportMaterialLayers:0]]
[2019.05.20-02.52.27:013][  0]LogConfig: Applying CVar settings from Section [/Script/Engine.RendererOverrideSettings] File [D:/NYU/First Year Semester II/Level Design Studio/LevelDesignFinal/Proj_2/Saved/Config/Windows/Engine.ini]
[2019.05.20-02.52.27:013][  0]LogConfig: Applying CVar settings from Section [/Script/Engine.StreamingSettings] File [D:/NYU/First Year Semester II/Level Design Studio/LevelDesignFinal/Proj_2/Saved/Config/Windows/Engine.ini]
[2019.05.20-02.52.27:013][  0]LogConfig: Setting CVar [[s.MinBulkDataSizeForAsyncLoading:131072]]
[2019.05.20-02.52.27:013][  0]LogConfig: Setting CVar [[s.AsyncLoadingThreadEnabled:0]]
[2019.05.20-02.52.27:013][  0]LogConfig: Setting CVar [[s.EventDrivenLoaderEnabled:1]]
[2019.05.20-02.52.27:013][  0]LogConfig: Setting CVar [[s.WarnIfTimeLimitExceeded:0]]
[2019.05.20-02.52.27:013][  0]LogConfig: Setting CVar [[s.TimeLimitExceededMultiplier:1.5]]
[2019.05.20-02.52.27:013][  0]LogConfig: Setting CVar [[s.TimeLimitExceededMinTime:0.005]]
[2019.05.20-02.52.27:013][  0]LogConfig: Setting CVar [[s.UseBackgroundLevelStreaming:1]]
[2019.05.20-02.52.27:013][  0]LogConfig: Setting CVar [[s.PriorityAsyncLoadingExtraTime:15.0]]
[2019.05.20-02.52.27:013][  0]LogConfig: Setting CVar [[s.LevelStreamingActorsUpdateTimeLimit:5.0]]
[2019.05.20-02.52.27:013][  0]LogConfig: Setting CVar [[s.PriorityLevelStreamingActorsUpdateExtraTime:5.0]]
[2019.05.20-02.52.27:013][  0]LogConfig: Setting CVar [[s.LevelStreamingComponentsRegistrationGranularity:10]]
[2019.05.20-02.52.27:013][  0]LogConfig: Setting CVar [[s.UnregisterComponentsTimeLimit:1.0]]
[2019.05.20-02.52.27:013][  0]LogConfig: Setting CVar [[s.LevelStreamingComponentsUnregistrationGranularity:5]]
[2019.05.20-02.52.27:013][  0]LogConfig: Applying CVar settings from Section [/Script/Engine.GarbageCollectionSettings] File [D:/NYU/First Year Semester II/Level Design Studio/LevelDesignFinal/Proj_2/Saved/Config/Windows/Engine.ini]
[2019.05.20-02.52.27:013][  0]LogConfig: Setting CVar [[gc.MaxObjectsNotConsideredByGC:1]]
[2019.05.20-02.52.27:013][  0]LogConfig: Setting CVar [[gc.SizeOfPermanentObjectPool:0]]
[2019.05.20-02.52.27:013][  0]LogConfig: Setting CVar [[gc.FlushStreamingOnGC:0]]
[2019.05.20-02.52.27:013][  0]LogConfig: Setting CVar [[gc.NumRetriesBeforeForcingGC:10]]
[2019.05.20-02.52.27:013][  0]LogConfig: Setting CVar [[gc.AllowParallelGC:1]]
[2019.05.20-02.52.27:013][  0]LogConfig: Setting CVar [[gc.TimeBetweenPurgingPendingKillObjects:61.1]]
[2019.05.20-02.52.27:013][  0]LogConfig: Setting CVar [[gc.MaxObjectsInEditor:8388607]]
[2019.05.20-02.52.27:013][  0]LogConfig: Setting CVar [[gc.IncrementalBeginDestroyEnabled:1]]
[2019.05.20-02.52.27:013][  0]LogConfig: Setting CVar [[gc.CreateGCClusters:1]]
[2019.05.20-02.52.27:013][  0]LogConfig: Setting CVar [[gc.MergeGCClusters:0]]
[2019.05.20-02.52.27:013][  0]LogConfig: Setting CVar [[gc.MinGCClusterSize:5]]
[2019.05.20-02.52.27:013][  0]LogConfig: Setting CVar [[gc.ActorClusteringEnabled:0]]
[2019.05.20-02.52.27:013][  0]LogConfig: Setting CVar [[gc.BlueprintClusteringEnabled:0]]
[2019.05.20-02.52.27:013][  0]LogConfig: Setting CVar [[gc.UseDisregardForGCOnDedicatedServers:0]]
[2019.05.20-02.52.27:013][  0]LogConfig: Applying CVar settings from Section [/Script/Engine.NetworkSettings] File [D:/NYU/First Year Semester II/Level Design Studio/LevelDesignFinal/Proj_2/Saved/Config/Windows/Engine.ini]
[2019.05.20-02.52.27:013][  0]LogConfig: Applying CVar settings from Section [/Script/UnrealEd.CookerSettings] File [D:/NYU/First Year Semester II/Level Design Studio/LevelDesignFinal/Proj_2/Saved/Config/Windows/Engine.ini]
[2019.05.20-02.52.27:016][  0]LogConfig: Applying CVar settings from Section [ViewDistanceQuality@3] File [D:/NYU/First Year Semester II/Level Design Studio/LevelDesignFinal/Proj_2/Saved/Config/Windows/Scalability.ini]
[2019.05.20-02.52.27:016][  0]LogConfig: Setting CVar [[r.SkeletalMeshLODBias:0]]
[2019.05.20-02.52.27:016][  0]LogConfig: Setting CVar [[r.ViewDistanceScale:1.0]]
[2019.05.20-02.52.27:016][  0]LogConfig: Applying CVar settings from Section [AntiAliasingQuality@3] File [D:/NYU/First Year Semester II/Level Design Studio/LevelDesignFinal/Proj_2/Saved/Config/Windows/Scalability.ini]
[2019.05.20-02.52.27:016][  0]LogConfig: Setting CVar [[r.PostProcessAAQuality:4]]
[2019.05.20-02.52.27:016][  0]LogConfig: Applying CVar settings from Section [ShadowQuality@3] File [D:/NYU/First Year Semester II/Level Design Studio/LevelDesignFinal/Proj_2/Saved/Config/Windows/Scalability.ini]
[2019.05.20-02.52.27:016][  0]LogConfig: Setting CVar [[r.LightFunctionQuality:1]]
[2019.05.20-02.52.27:016][  0]LogConfig: Setting CVar [[r.ShadowQuality:5]]
[2019.05.20-02.52.27:016][  0]LogConfig: Setting CVar [[r.Shadow.CSM.MaxCascades:10]]
[2019.05.20-02.52.27:016][  0]LogConfig: Setting CVar [[r.Shadow.MaxResolution:2048]]
[2019.05.20-02.52.27:016][  0]LogConfig: Setting CVar [[r.Shadow.MaxCSMResolution:2048]]
[2019.05.20-02.52.27:016][  0]LogConfig: Setting CVar [[r.Shadow.RadiusThreshold:0.01]]
[2019.05.20-02.52.27:016][  0]LogConfig: Setting CVar [[r.Shadow.DistanceScale:1.0]]
[2019.05.20-02.52.27:016][  0]LogConfig: Setting CVar [[r.Shadow.CSM.TransitionScale:1.0]]
[2019.05.20-02.52.27:016][  0]LogConfig: Setting CVar [[r.Shadow.PreShadowResolutionFactor:1.0]]
[2019.05.20-02.52.27:016][  0]LogConfig: Setting CVar [[r.DistanceFieldShadowing:1]]
[2019.05.20-02.52.27:016][  0]LogConfig: Setting CVar [[r.DistanceFieldAO:1]]
[2019.05.20-02.52.27:016][  0]LogConfig: Setting CVar [[r.AOQuality:2]]
[2019.05.20-02.52.27:016][  0]LogConfig: Setting CVar [[r.VolumetricFog:1]]
[2019.05.20-02.52.27:016][  0]LogConfig: Setting CVar [[r.VolumetricFog.GridPixelSize:8]]
[2019.05.20-02.52.27:016][  0]LogConfig: Setting CVar [[r.VolumetricFog.GridSizeZ:128]]
[2019.05.20-02.52.27:016][  0]LogConfig: Setting CVar [[r.VolumetricFog.HistoryMissSupersampleCount:4]]
[2019.05.20-02.52.27:016][  0]LogConfig: Setting CVar [[r.LightMaxDrawDistanceScale:1]]
[2019.05.20-02.52.27:016][  0]LogConfig: Setting CVar [[r.CapsuleShadows:1]]
[2019.05.20-02.52.27:016][  0]LogConfig: Applying CVar settings from Section [PostProcessQuality@3] File [D:/NYU/First Year Semester II/Level Design Studio/LevelDesignFinal/Proj_2/Saved/Config/Windows/Scalability.ini]
[2019.05.20-02.52.27:016][  0]LogConfig: Setting CVar [[r.MotionBlurQuality:4]]
[2019.05.20-02.52.27:016][  0]LogConfig: Setting CVar [[r.AmbientOcclusionMipLevelFactor:0.4]]
[2019.05.20-02.52.27:016][  0]LogConfig: Setting CVar [[r.AmbientOcclusionMaxQuality:100]]
[2019.05.20-02.52.27:016][  0]LogConfig: Setting CVar [[r.AmbientOcclusionLevels:-1]]
[2019.05.20-02.52.27:016][  0]LogConfig: Setting CVar [[r.AmbientOcclusionRadiusScale:1.0]]
[2019.05.20-02.52.27:016][  0]LogConfig: Setting CVar [[r.DepthOfFieldQuality:2]]
[2019.05.20-02.52.27:016][  0]LogConfig: Setting CVar [[r.RenderTargetPoolMin:400]]
[2019.05.20-02.52.27:016][  0]LogConfig: Setting CVar [[r.LensFlareQuality:2]]
[2019.05.20-02.52.27:016][  0]LogConfig: Setting CVar [[r.SceneColorFringeQuality:1]]
[2019.05.20-02.52.27:016][  0]LogConfig: Setting CVar [[r.EyeAdaptationQuality:2]]
[2019.05.20-02.52.27:016][  0]LogConfig: Setting CVar [[r.BloomQuality:5]]
[2019.05.20-02.52.27:016][  0]LogConfig: Setting CVar [[r.FastBlurThreshold:100]]
[2019.05.20-02.52.27:016][  0]LogConfig: Setting CVar [[r.Upscale.Quality:3]]
[2019.05.20-02.52.27:016][  0]LogConfig: Setting CVar [[r.Tonemapper.GrainQuantization:1]]
[2019.05.20-02.52.27:016][  0]LogConfig: Setting CVar [[r.LightShaftQuality:1]]
[2019.05.20-02.52.27:016][  0]LogConfig: Setting CVar [[r.Filter.SizeScale:1]]
[2019.05.20-02.52.27:016][  0]LogConfig: Setting CVar [[r.Tonemapper.Quality:5]]
[2019.05.20-02.52.27:016][  0]LogConfig: Setting CVar [[r.DOF.Gather.AccumulatorQuality:1        ; higher gathering accumulator quality]]
[2019.05.20-02.52.27:016][  0]LogConfig: Setting CVar [[r.DOF.Gather.PostfilterMethod:1          ; Median3x3 postfilering method]]
[2019.05.20-02.52.27:016][  0]LogConfig: Setting CVar [[r.DOF.Gather.EnableBokehSettings:0       ; no bokeh simulation when gathering]]
[2019.05.20-02.52.27:016][  0]LogConfig: Setting CVar [[r.DOF.Gather.RingCount:4                 ; medium number of samples when gathering]]
[2019.05.20-02.52.27:016][  0]LogConfig: Setting CVar [[r.DOF.Scatter.ForegroundCompositing:1    ; additive foreground scattering]]
[2019.05.20-02.52.27:016][  0]LogConfig: Setting CVar [[r.DOF.Scatter.BackgroundCompositing:2    ; additive background scattering]]
[2019.05.20-02.52.27:016][  0]LogConfig: Setting CVar [[r.DOF.Scatter.EnableBokehSettings:1      ; bokeh simulation when scattering]]
[2019.05.20-02.52.27:016][  0]LogConfig: Setting CVar [[r.DOF.Scatter.MaxSpriteRatio:0.1         ; only a maximum of 10% of scattered bokeh]]
[2019.05.20-02.52.27:016][  0]LogConfig: Setting CVar [[r.DOF.Recombine.Quality:1                ; cheap slight out of focus]]
[2019.05.20-02.52.27:016][  0]LogConfig: Setting CVar [[r.DOF.Recombine.EnableBokehSettings:0    ; no bokeh simulation on slight out of focus]]
[2019.05.20-02.52.27:016][  0]LogConfig: Setting CVar [[r.DOF.TemporalAAQuality:1                ; more stable temporal accumulation]]
[2019.05.20-02.52.27:016][  0]LogConfig: Setting CVar [[r.DOF.Kernel.MaxForegroundRadius:0.025]]
[2019.05.20-02.52.27:016][  0]LogConfig: Setting CVar [[r.DOF.Kernel.MaxBackgroundRadius:0.025]]
[2019.05.20-02.52.27:016][  0]LogConfig: Applying CVar settings from Section [TextureQuality@3] File [D:/NYU/First Year Semester II/Level Design Studio/LevelDesignFinal/Proj_2/Saved/Config/Windows/Scalability.ini]
[2019.05.20-02.52.27:016][  0]LogConfig: Setting CVar [[r.Streaming.MipBias:0]]
[2019.05.20-02.52.27:016][  0]LogConfig: Setting CVar [[r.Streaming.AmortizeCPUToGPUCopy:0]]
[2019.05.20-02.52.27:016][  0]LogConfig: Setting CVar [[r.Streaming.MaxNumTexturesToStreamPerFrame:0]]
[2019.05.20-02.52.27:016][  0]LogConfig: Setting CVar [[r.Streaming.Boost:1]]
[2019.05.20-02.52.27:017][  0]LogConfig: Setting CVar [[r.MaxAnisotropy:8]]
[2019.05.20-02.52.27:017][  0]LogConfig: Setting CVar [[r.Streaming.LimitPoolSizeToVRAM:0]]
[2019.05.20-02.52.27:017][  0]LogConfig: Setting CVar [[r.Streaming.PoolSize:1000]]
[2019.05.20-02.52.27:017][  0]LogConfig: Setting CVar [[r.Streaming.MaxEffectiveScreenSize:0]]
[2019.05.20-02.52.27:017][  0]LogConfig: Applying CVar settings from Section [EffectsQuality@3] File [D:/NYU/First Year Semester II/Level Design Studio/LevelDesignFinal/Proj_2/Saved/Config/Windows/Scalability.ini]
[2019.05.20-02.52.27:017][  0]LogConfig: Setting CVar [[r.TranslucencyLightingVolumeDim:64]]
[2019.05.20-02.52.27:017][  0]LogConfig: Setting CVar [[r.RefractionQuality:2]]
[2019.05.20-02.52.27:017][  0]LogConfig: Setting CVar [[r.SSR.Quality:3]]
[2019.05.20-02.52.27:017][  0]LogConfig: Setting CVar [[r.SceneColorFormat:4]]
[2019.05.20-02.52.27:017][  0]LogConfig: Setting CVar [[r.DetailMode:2]]
[2019.05.20-02.52.27:017][  0]LogConfig: Setting CVar [[r.TranslucencyVolumeBlur:1]]
[2019.05.20-02.52.27:017][  0]LogConfig: Setting CVar [[r.MaterialQualityLevel:1 ; High quality]]
[2019.05.20-02.52.27:017][  0]LogConfig: Setting CVar [[r.SSS.Scale:1]]
[2019.05.20-02.52.27:017][  0]LogConfig: Setting CVar [[r.SSS.SampleSet:2]]
[2019.05.20-02.52.27:017][  0]LogConfig: Setting CVar [[r.SSS.Quality:1]]
[2019.05.20-02.52.27:017][  0]LogConfig: Setting CVar [[r.SSS.HalfRes:1]]
[2019.05.20-02.52.27:017][  0]LogConfig: Setting CVar [[r.EmitterSpawnRateScale:1.0]]
[2019.05.20-02.52.27:017][  0]LogConfig: Setting CVar [[r.ParticleLightQuality:2]]
[2019.05.20-02.52.27:017][  0]LogConfig: Applying CVar settings from Section [FoliageQuality@3] File [D:/NYU/First Year Semester II/Level Design Studio/LevelDesignFinal/Proj_2/Saved/Config/Windows/Scalability.ini]
[2019.05.20-02.52.27:017][  0]LogConfig: Setting CVar [[foliage.DensityScale:1.0]]
[2019.05.20-02.52.27:017][  0]LogConfig: Setting CVar [[grass.DensityScale:1.0]]
[2019.05.20-02.52.27:017][  0]LogInit: Selected Device Profile: [Windows]
[2019.05.20-02.52.27:017][  0]LogInit: Applying CVar settings loaded from the selected device profile: [Windows]
[2019.05.20-02.52.27:027][  0]LogHAL: Display: Platform has ~ 16 GB [17024176128 / 17179869184 / 16], which maps to Larger [LargestMinGB=32, LargerMinGB=12, DefaultMinGB=8, SmallerMinGB=6, SmallestMinGB=0)
[2019.05.20-02.52.27:027][  0]LogConfig: Setting CVar [[r.Vulkan.UseRealUBs:1]]
[2019.05.20-02.52.27:027][  0]LogInit: Going up to parent DeviceProfile []
[2019.05.20-02.52.27:027][  0]LogConfig: Applying CVar settings from Section [ViewDistanceQuality@3] File [D:/NYU/First Year Semester II/Level Design Studio/LevelDesignFinal/Proj_2/Saved/Config/Windows/Scalability.ini]
[2019.05.20-02.52.27:027][  0]LogConfig: Setting CVar [[r.SkeletalMeshLODBias:0]]
[2019.05.20-02.52.27:027][  0]LogConfig: Setting CVar [[r.ViewDistanceScale:1.0]]
[2019.05.20-02.52.27:027][  0]LogConfig: Applying CVar settings from Section [AntiAliasingQuality@3] File [D:/NYU/First Year Semester II/Level Design Studio/LevelDesignFinal/Proj_2/Saved/Config/Windows/Scalability.ini]
[2019.05.20-02.52.27:027][  0]LogConfig: Setting CVar [[r.PostProcessAAQuality:4]]
[2019.05.20-02.52.27:027][  0]LogConfig: Applying CVar settings from Section [ShadowQuality@3] File [D:/NYU/First Year Semester II/Level Design Studio/LevelDesignFinal/Proj_2/Saved/Config/Windows/Scalability.ini]
[2019.05.20-02.52.27:027][  0]LogConfig: Setting CVar [[r.LightFunctionQuality:1]]
[2019.05.20-02.52.27:027][  0]LogConfig: Setting CVar [[r.ShadowQuality:5]]
[2019.05.20-02.52.27:027][  0]LogConfig: Setting CVar [[r.Shadow.CSM.MaxCascades:10]]
[2019.05.20-02.52.27:027][  0]LogConfig: Setting CVar [[r.Shadow.MaxResolution:2048]]
[2019.05.20-02.52.27:027][  0]LogConfig: Setting CVar [[r.Shadow.MaxCSMResolution:2048]]
[2019.05.20-02.52.27:027][  0]LogConfig: Setting CVar [[r.Shadow.RadiusThreshold:0.01]]
[2019.05.20-02.52.27:027][  0]LogConfig: Setting CVar [[r.Shadow.DistanceScale:1.0]]
[2019.05.20-02.52.27:027][  0]LogConfig: Setting CVar [[r.Shadow.CSM.TransitionScale:1.0]]
[2019.05.20-02.52.27:027][  0]LogConfig: Setting CVar [[r.Shadow.PreShadowResolutionFactor:1.0]]
[2019.05.20-02.52.27:027][  0]LogConfig: Setting CVar [[r.DistanceFieldShadowing:1]]
[2019.05.20-02.52.27:027][  0]LogConfig: Setting CVar [[r.DistanceFieldAO:1]]
[2019.05.20-02.52.27:027][  0]LogConfig: Setting CVar [[r.AOQuality:2]]
[2019.05.20-02.52.27:027][  0]LogConfig: Setting CVar [[r.VolumetricFog:1]]
[2019.05.20-02.52.27:027][  0]LogConfig: Setting CVar [[r.VolumetricFog.GridPixelSize:8]]
[2019.05.20-02.52.27:027][  0]LogConfig: Setting CVar [[r.VolumetricFog.GridSizeZ:128]]
[2019.05.20-02.52.27:027][  0]LogConfig: Setting CVar [[r.VolumetricFog.HistoryMissSupersampleCount:4]]
[2019.05.20-02.52.27:027][  0]LogConfig: Setting CVar [[r.LightMaxDrawDistanceScale:1]]
[2019.05.20-02.52.27:027][  0]LogConfig: Setting CVar [[r.CapsuleShadows:1]]
[2019.05.20-02.52.27:027][  0]LogConfig: Applying CVar settings from Section [PostProcessQuality@3] File [D:/NYU/First Year Semester II/Level Design Studio/LevelDesignFinal/Proj_2/Saved/Config/Windows/Scalability.ini]
[2019.05.20-02.52.27:027][  0]LogConfig: Setting CVar [[r.MotionBlurQuality:4]]
[2019.05.20-02.52.27:027][  0]LogConfig: Setting CVar [[r.AmbientOcclusionMipLevelFactor:0.4]]
[2019.05.20-02.52.27:027][  0]LogConfig: Setting CVar [[r.AmbientOcclusionMaxQuality:100]]
[2019.05.20-02.52.27:027][  0]LogConfig: Setting CVar [[r.AmbientOcclusionLevels:-1]]
[2019.05.20-02.52.27:027][  0]LogConfig: Setting CVar [[r.AmbientOcclusionRadiusScale:1.0]]
[2019.05.20-02.52.27:027][  0]LogConfig: Setting CVar [[r.DepthOfFieldQuality:2]]
[2019.05.20-02.52.27:027][  0]LogConfig: Setting CVar [[r.RenderTargetPoolMin:400]]
[2019.05.20-02.52.27:027][  0]LogConfig: Setting CVar [[r.LensFlareQuality:2]]
[2019.05.20-02.52.27:027][  0]LogConfig: Setting CVar [[r.SceneColorFringeQuality:1]]
[2019.05.20-02.52.27:027][  0]LogConfig: Setting CVar [[r.EyeAdaptationQuality:2]]
[2019.05.20-02.52.27:027][  0]LogConfig: Setting CVar [[r.BloomQuality:5]]
[2019.05.20-02.52.27:027][  0]LogConfig: Setting CVar [[r.FastBlurThreshold:100]]
[2019.05.20-02.52.27:027][  0]LogConfig: Setting CVar [[r.Upscale.Quality:3]]
[2019.05.20-02.52.27:027][  0]LogConfig: Setting CVar [[r.Tonemapper.GrainQuantization:1]]
[2019.05.20-02.52.27:027][  0]LogConfig: Setting CVar [[r.LightShaftQuality:1]]
[2019.05.20-02.52.27:027][  0]LogConfig: Setting CVar [[r.Filter.SizeScale:1]]
[2019.05.20-02.52.27:027][  0]LogConfig: Setting CVar [[r.Tonemapper.Quality:5]]
[2019.05.20-02.52.27:027][  0]LogConfig: Setting CVar [[r.DOF.Gather.AccumulatorQuality:1        ; higher gathering accumulator quality]]
[2019.05.20-02.52.27:027][  0]LogConfig: Setting CVar [[r.DOF.Gather.PostfilterMethod:1          ; Median3x3 postfilering method]]
[2019.05.20-02.52.27:027][  0]LogConfig: Setting CVar [[r.DOF.Gather.EnableBokehSettings:0       ; no bokeh simulation when gathering]]
[2019.05.20-02.52.27:027][  0]LogConfig: Setting CVar [[r.DOF.Gather.RingCount:4                 ; medium number of samples when gathering]]
[2019.05.20-02.52.27:027][  0]LogConfig: Setting CVar [[r.DOF.Scatter.ForegroundCompositing:1    ; additive foreground scattering]]
[2019.05.20-02.52.27:027][  0]LogConfig: Setting CVar [[r.DOF.Scatter.BackgroundCompositing:2    ; additive background scattering]]
[2019.05.20-02.52.27:027][  0]LogConfig: Setting CVar [[r.DOF.Scatter.EnableBokehSettings:1      ; bokeh simulation when scattering]]
[2019.05.20-02.52.27:027][  0]LogConfig: Setting CVar [[r.DOF.Scatter.MaxSpriteRatio:0.1         ; only a maximum of 10% of scattered bokeh]]
[2019.05.20-02.52.27:027][  0]LogConfig: Setting CVar [[r.DOF.Recombine.Quality:1                ; cheap slight out of focus]]
[2019.05.20-02.52.27:027][  0]LogConfig: Setting CVar [[r.DOF.Recombine.EnableBokehSettings:0    ; no bokeh simulation on slight out of focus]]
[2019.05.20-02.52.27:027][  0]LogConfig: Setting CVar [[r.DOF.TemporalAAQuality:1                ; more stable temporal accumulation]]
[2019.05.20-02.52.27:027][  0]LogConfig: Setting CVar [[r.DOF.Kernel.MaxForegroundRadius:0.025]]
[2019.05.20-02.52.27:027][  0]LogConfig: Setting CVar [[r.DOF.Kernel.MaxBackgroundRadius:0.025]]
[2019.05.20-02.52.27:027][  0]LogConfig: Applying CVar settings from Section [TextureQuality@3] File [D:/NYU/First Year Semester II/Level Design Studio/LevelDesignFinal/Proj_2/Saved/Config/Windows/Scalability.ini]
[2019.05.20-02.52.27:027][  0]LogConfig: Setting CVar [[r.Streaming.MipBias:0]]
[2019.05.20-02.52.27:027][  0]LogConfig: Setting CVar [[r.Streaming.AmortizeCPUToGPUCopy:0]]
[2019.05.20-02.52.27:027][  0]LogConfig: Setting CVar [[r.Streaming.MaxNumTexturesToStreamPerFrame:0]]
[2019.05.20-02.52.27:027][  0]LogConfig: Setting CVar [[r.Streaming.Boost:1]]
[2019.05.20-02.52.27:027][  0]LogConfig: Setting CVar [[r.MaxAnisotropy:8]]
[2019.05.20-02.52.27:027][  0]LogConfig: Setting CVar [[r.Streaming.LimitPoolSizeToVRAM:0]]
[2019.05.20-02.52.27:027][  0]LogConfig: Setting CVar [[r.Streaming.PoolSize:1000]]
[2019.05.20-02.52.27:027][  0]LogConfig: Setting CVar [[r.Streaming.MaxEffectiveScreenSize:0]]
[2019.05.20-02.52.27:027][  0]LogConfig: Applying CVar settings from Section [EffectsQuality@3] File [D:/NYU/First Year Semester II/Level Design Studio/LevelDesignFinal/Proj_2/Saved/Config/Windows/Scalability.ini]
[2019.05.20-02.52.27:027][  0]LogConfig: Setting CVar [[r.TranslucencyLightingVolumeDim:64]]
[2019.05.20-02.52.27:028][  0]LogConfig: Setting CVar [[r.RefractionQuality:2]]
[2019.05.20-02.52.27:028][  0]LogConfig: Setting CVar [[r.SSR.Quality:3]]
[2019.05.20-02.52.27:028][  0]LogConfig: Setting CVar [[r.SceneColorFormat:4]]
[2019.05.20-02.52.27:028][  0]LogConfig: Setting CVar [[r.DetailMode:2]]
[2019.05.20-02.52.27:028][  0]LogConfig: Setting CVar [[r.TranslucencyVolumeBlur:1]]
[2019.05.20-02.52.27:028][  0]LogConfig: Setting CVar [[r.MaterialQualityLevel:1 ; High quality]]
[2019.05.20-02.52.27:028][  0]LogConfig: Setting CVar [[r.SSS.Scale:1]]
[2019.05.20-02.52.27:028][  0]LogConfig: Setting CVar [[r.SSS.SampleSet:2]]
[2019.05.20-02.52.27:028][  0]LogConfig: Setting CVar [[r.SSS.Quality:1]]
[2019.05.20-02.52.27:028][  0]LogConfig: Setting CVar [[r.SSS.HalfRes:1]]
[2019.05.20-02.52.27:028][  0]LogConfig: Setting CVar [[r.EmitterSpawnRateScale:1.0]]
[2019.05.20-02.52.27:028][  0]LogConfig: Setting CVar [[r.ParticleLightQuality:2]]
[2019.05.20-02.52.27:028][  0]LogConfig: Applying CVar settings from Section [FoliageQuality@3] File [D:/NYU/First Year Semester II/Level Design Studio/LevelDesignFinal/Proj_2/Saved/Config/Windows/Scalability.ini]
[2019.05.20-02.52.27:028][  0]LogConfig: Setting CVar [[foliage.DensityScale:1.0]]
[2019.05.20-02.52.27:028][  0]LogConfig: Setting CVar [[grass.DensityScale:1.0]]
[2019.05.20-02.52.27:028][  0]LogConfig: Applying CVar settings from Section [Startup] File [../../../Engine/Config/ConsoleVariables.ini]
[2019.05.20-02.52.27:028][  0]LogConfig: Setting CVar [[net.UseAdaptiveNetUpdateFrequency:0]]
[2019.05.20-02.52.27:028][  0]LogConfig: Applying CVar settings from Section [ConsoleVariables] File [D:/NYU/First Year Semester II/Level Design Studio/LevelDesignFinal/Proj_2/Saved/Config/Windows/Engine.ini]
[2019.05.20-02.52.27:028][  0]LogInit: Computer: LAPTOP-CDUJVC7F
[2019.05.20-02.52.27:028][  0]LogInit: User: yukii
[2019.05.20-02.52.27:028][  0]LogInit: CPU Page size=4096, Cores=6
[2019.05.20-02.52.27:028][  0]LogInit: High frequency timer resolution =2.156252 MHz
[2019.05.20-02.52.27:028][  0]LogMemory: Memory total: Physical=15.9GB (16GB approx)
[2019.05.20-02.52.27:028][  0]LogMemory: Platform Memory Stats for Windows
[2019.05.20-02.52.27:028][  0]LogMemory: Process Physical Memory: 104.88 MB used, 104.88 MB peak
[2019.05.20-02.52.27:028][  0]LogMemory: Process Virtual Memory: 94.63 MB used, 94.63 MB peak
[2019.05.20-02.52.27:028][  0]LogMemory: Physical Memory: 9566.41 MB used,  6669.11 MB free, 16235.52 MB total
[2019.05.20-02.52.27:028][  0]LogMemory: Virtual Memory: 4673.64 MB used,  134213056.00 MB free, 134217728.00 MB total
[2019.05.20-02.52.27:438][  0]LogInit: Using OS detected language (en-US).
[2019.05.20-02.52.27:438][  0]LogInit: Using OS detected locale (en-US).
[2019.05.20-02.52.27:439][  0]LogTextLocalizationManager: No specific localization for 'en-US' exists, so the 'en' localization will be used.
[2019.05.20-02.52.27:776][  0]LogStreaming: Display: Took  0.338s to InitEngineTextLocalization.
[2019.05.20-02.52.27:777][  0]LogInit: Setting process to per monitor DPI aware
[2019.05.20-02.52.27:826][  0]LogSlate: New Slate User Created.  User Index 0, Is Virtual User: 0
[2019.05.20-02.52.27:826][  0]LogSlate: Slate User Registered.  User Index 0, Is Virtual User: 0
[2019.05.20-02.52.28:092][  0]LogHMD: Failed to initialize OpenVR with code 110
[2019.05.20-02.52.28:092][  0]LogD3D11RHI: D3D11 adapters:
[2019.05.20-02.52.28:160][  0]LogD3D11RHI:    0. 'NVIDIA GeForce GTX 1060' (Feature Level 11_0)
[2019.05.20-02.52.28:160][  0]LogD3D11RHI:       6052/0/8117 MB DedicatedVideo/DedicatedSystem/SharedSystem, Outputs:1, VendorId:0x10de
[2019.05.20-02.52.28:177][  0]LogD3D11RHI:    1. 'Intel(R) UHD Graphics 630' (Feature Level 11_0)
[2019.05.20-02.52.28:177][  0]LogD3D11RHI:       128/0/8117 MB DedicatedVideo/DedicatedSystem/SharedSystem, Outputs:0, VendorId:0x8086
[2019.05.20-02.52.28:179][  0]LogD3D11RHI:    2. 'Microsoft Basic Render Driver' (Feature Level 11_0)
[2019.05.20-02.52.28:179][  0]LogD3D11RHI:       0/0/8117 MB DedicatedVideo/DedicatedSystem/SharedSystem, Outputs:0, VendorId:0x1414
[2019.05.20-02.52.28:179][  0]LogD3D11RHI: Chosen D3D11 Adapter: 0
[2019.05.20-02.52.28:208][  0]LogD3D11RHI: Creating new Direct3DDevice
[2019.05.20-02.52.28:208][  0]LogD3D11RHI:     GPU DeviceId: 0x1c20 (for the marketing name, search the web for "GPU Device Id")
[2019.05.20-02.52.28:208][  0]LogWindows: EnumDisplayDevices:
[2019.05.20-02.52.28:208][  0]LogWindows:    0. 'Intel(R) UHD Graphics 630' (P:1 D:1)
[2019.05.20-02.52.28:208][  0]LogWindows:    1. 'Intel(R) UHD Graphics 630' (P:0 D:0)
[2019.05.20-02.52.28:208][  0]LogWindows:    2. 'Intel(R) UHD Graphics 630' (P:0 D:0)
[2019.05.20-02.52.28:208][  0]LogWindows:    3. 'NVIDIA GeForce GTX 1060' (P:0 D:0)
[2019.05.20-02.52.28:209][  0]LogWindows:    4. 'NVIDIA GeForce GTX 1060' (P:0 D:0)
[2019.05.20-02.52.28:209][  0]LogWindows:    5. 'NVIDIA GeForce GTX 1060' (P:0 D:0)
[2019.05.20-02.52.28:209][  0]LogWindows:    6. 'NVIDIA GeForce GTX 1060' (P:0 D:0)
[2019.05.20-02.52.28:209][  0]LogWindows: DebugString: PrimaryIsNotTheChoosenAdapter PrimaryIsNotTheChoosenAdapter PrimaryIsNotTheChoosenAdapter FoundDriverCount:4 
[2019.05.20-02.52.28:209][  0]LogD3D11RHI:     Adapter Name: NVIDIA GeForce GTX 1060
[2019.05.20-02.52.28:209][  0]LogD3D11RHI:   Driver Version: 398.20 (internal:24.21.13.9820, unified:398.20)
[2019.05.20-02.52.28:209][  0]LogD3D11RHI:      Driver Date: 6-6-2018
[2019.05.20-02.52.28:209][  0]LogRHI: Texture pool is 4236 MB (70% of 6052 MB)
[2019.05.20-02.52.28:251][  0]LogD3D11RHI: Async texture creation enabled
[2019.05.20-02.52.28:267][  0]LogD3D11RHI: GPU Timing Frequency: 1000.000000 (Debug: 2 2)
[2019.05.20-02.52.28:643][  0]LogTemp: Display: Loaded TP AllDesktopTargetPlatform
[2019.05.20-02.52.28:655][  0]LogTemp: Display: Loaded TP MacClientTargetPlatform
[2019.05.20-02.52.28:667][  0]LogTemp: Display: Loaded TP MacNoEditorTargetPlatform
[2019.05.20-02.52.28:679][  0]LogTemp: Display: Loaded TP MacServerTargetPlatform
[2019.05.20-02.52.28:692][  0]LogTemp: Display: Loaded TP MacTargetPlatform
[2019.05.20-02.52.28:704][  0]LogTemp: Display: Loaded TP WindowsClientTargetPlatform
[2019.05.20-02.52.28:722][  0]LogTemp: Display: Loaded TP WindowsNoEditorTargetPlatform
[2019.05.20-02.52.28:735][  0]LogTemp: Display: Loaded TP WindowsServerTargetPlatform
[2019.05.20-02.52.28:741][  0]LogTemp: Display: Loaded TP WindowsTargetPlatform
[2019.05.20-02.52.28:813][  0]LogTemp: Display: Loaded TP AndroidTargetPlatform
[2019.05.20-02.52.28:813][  0]LogTemp: Display: Loaded TP AndroidTargetPlatform
[2019.05.20-02.52.28:813][  0]LogTemp: Display: Loaded TP AndroidTargetPlatform
[2019.05.20-02.52.28:813][  0]LogTemp: Display: Loaded TP AndroidTargetPlatform
[2019.05.20-02.52.28:813][  0]LogTemp: Display: Loaded TP AndroidTargetPlatform
[2019.05.20-02.52.28:813][  0]LogTemp: Display: Loaded TP AndroidTargetPlatform
[2019.05.20-02.52.28:813][  0]LogTemp: Display: Loaded TP AndroidTargetPlatform
[2019.05.20-02.52.28:813][  0]LogTemp: Display: Loaded TP AndroidTargetPlatform
[2019.05.20-02.52.28:813][  0]LogTemp: Display: Loaded TP AndroidTargetPlatform
[2019.05.20-02.52.28:813][  0]LogTemp: Display: Loaded TP AndroidTargetPlatform
[2019.05.20-02.52.28:813][  0]LogTemp: Display: Loaded TP AndroidTargetPlatform
[2019.05.20-02.52.28:813][  0]LogTemp: Display: Loaded TP AndroidTargetPlatform
[2019.05.20-02.52.28:813][  0]LogTemp: Display: Loaded TP AndroidTargetPlatform
[2019.05.20-02.52.28:813][  0]LogTemp: Display: Loaded TP AndroidTargetPlatform
[2019.05.20-02.52.28:813][  0]LogTemp: Display: Loaded TP AndroidTargetPlatform
[2019.05.20-02.52.28:813][  0]LogTemp: Display: Loaded TP AndroidTargetPlatform
[2019.05.20-02.52.28:813][  0]LogTemp: Display: Loaded TP AndroidTargetPlatform
[2019.05.20-02.52.28:813][  0]LogTemp: Display: Loaded TP AndroidTargetPlatform
[2019.05.20-02.52.28:815][  0]LogTemp: Display: Loaded TP HTML5TargetPlatform
[2019.05.20-02.52.28:873][  0]LogTemp: Display: Loaded TP IOSTargetPlatform
[2019.05.20-02.52.28:873][  0]LogTemp: Display: Loaded TP IOSTargetPlatform
[2019.05.20-02.52.28:894][  0]LogTemp: Display: Loaded TP TVOSTargetPlatform
[2019.05.20-02.52.28:894][  0]LogTemp: Display: Loaded TP TVOSTargetPlatform
[2019.05.20-02.52.28:906][  0]LogTemp: Display: Loaded TP LinuxClientTargetPlatform
[2019.05.20-02.52.28:918][  0]LogTemp: Display: Loaded TP LinuxNoEditorTargetPlatform
[2019.05.20-02.52.28:930][  0]LogTemp: Display: Loaded TP LinuxServerTargetPlatform
[2019.05.20-02.52.28:942][  0]LogTemp: Display: Loaded TP LinuxTargetPlatform
[2019.05.20-02.52.28:984][  0]LogTemp: Display: Loaded TP LuminTargetPlatform
[2019.05.20-02.52.28:984][  0]LogTemp: Display: Loaded TP LuminTargetPlatform
[2019.05.20-02.52.28:984][  0]LogTargetPlatformManager: Display: Building Assets For Windows
[2019.05.20-02.52.29:057][  0]LogShaderCompilers: Guid format shader working directory is -28 characters bigger than the processId version (D:/NYU/First Year Semester II/Level Design Studio/LevelDesignFinal/Proj_2/Intermediate/Shaders/WorkingDirectory/25480/).
[2019.05.20-02.52.29:057][  0]LogShaderCompilers: Cleaned the shader compiler working directory 'C:/Users/yukii/AppData/Local/Temp/UnrealShaderWorkingDir/60C3DFAF4989962ACD020CA648081D0C/'.
[2019.05.20-02.52.29:059][  0]LogXGEController: Cannot use XGE Controller as Incredibuild is not installed on this machine.
[2019.05.20-02.52.29:059][  0]LogShaderCompilers: Cannot use XGE Shader Compiler as Incredibuild is not installed on this machine.
[2019.05.20-02.52.29:059][  0]LogShaderCompilers: Display: Using Local Shader Compiler.
[2019.05.20-02.52.29:541][  0]LogDerivedDataCache: Display: Max Cache Size: 512 MB
[2019.05.20-02.52.29:601][  0]LogDerivedDataCache: Loaded boot cache 0.06s 71MB C:/Users/yukii/AppData/Local/UnrealEngine/4.21/DerivedDataCache/Boot.ddc.
[2019.05.20-02.52.29:601][  0]LogDerivedDataCache: Display: Loaded Boot cache: C:/Users/yukii/AppData/Local/UnrealEngine/4.21/DerivedDataCache/Boot.ddc
[2019.05.20-02.52.29:601][  0]LogDerivedDataCache: FDerivedDataBackendGraph:  Pak pak cache file D:/NYU/First Year Semester II/Level Design Studio/LevelDesignFinal/Proj_2/DerivedDataCache/DDC.ddp not found, will not use a pak cache.
[2019.05.20-02.52.29:601][  0]LogDerivedDataCache: Unable to find inner node Pak for hierarchical cache Hierarchy.
[2019.05.20-02.52.29:601][  0]LogDerivedDataCache: FDerivedDataBackendGraph:  CompressedPak pak cache file D:/NYU/First Year Semester II/Level Design Studio/LevelDesignFinal/Proj_2/DerivedDataCache/Compressed.ddp not found, will not use a pak cache.
[2019.05.20-02.52.29:601][  0]LogDerivedDataCache: Unable to find inner node CompressedPak for hierarchical cache Hierarchy.
[2019.05.20-02.52.29:616][  0]LogDerivedDataCache: Display: Pak cache opened for reading ../../../Engine/DerivedDataCache/Compressed.ddp.
[2019.05.20-02.52.29:616][  0]LogDerivedDataCache: FDerivedDataBackendGraph:  EnterprisePak pak cache file ../../../Enterprise/DerivedDataCache/Compressed.ddp not found, will not use a pak cache.
[2019.05.20-02.52.29:616][  0]LogDerivedDataCache: Unable to find inner node EnterprisePak for hierarchical cache Hierarchy.
[2019.05.20-02.52.29:629][  0]LogDerivedDataCache: Using Local data cache path C:/Users/yukii/AppData/Local/UnrealEngine/Common/DerivedDataCache: Writable
[2019.05.20-02.52.29:629][  0]LogDerivedDataCache: Shared data cache path not found in *engine.ini, will not use an Shared cache.
[2019.05.20-02.52.29:629][  0]LogDerivedDataCache: Unable to find inner node Shared for hierarchical cache Hierarchy.
[2019.05.20-02.52.29:649][  0]LogMaterial: Verifying Global Shaders for PCD3D_SM5
[2019.05.20-02.52.29:650][  0]LogSlate: Using FreeType 2.6.0
[2019.05.20-02.52.29:651][  0]LogSlate: SlateFontServices - WITH_FREETYPE: 1, WITH_HARFBUZZ: 1
[2019.05.20-02.52.29:740][  0]LogAssetRegistry: FAssetRegistry took 0.0330 seconds to start up
[2019.05.20-02.52.30:031][  0]LogInit: Selected Device Profile: [Windows]
[2019.05.20-02.52.30:183][  0]LogSimplygon: Simplygon DLL not present - disabling.
[2019.05.20-02.52.30:188][  0]LogMeshReduction: Using SimplygonSwarm for distributed automatic mesh merging
[2019.05.20-02.52.30:188][  0]LogMeshReduction: Using ProxyLODMeshReduction for automatic mesh merging
[2019.05.20-02.52.30:188][  0]LogMeshReduction: Using QuadricMeshReduction for automatic static mesh reduction
[2019.05.20-02.52.30:188][  0]LogMeshReduction: No automatic skeletal mesh reduction module available
[2019.05.20-02.52.30:202][  0]LogNetVersion: Proj_2 1.0.0, NetCL: 4541578, EngineNetVer: 5, GameNetVer: 0 (Checksum: 1343733239)
[2019.05.20-02.52.30:716][  0]LogPackageLocalizationCache: Processed 11 localized package path(s) for 2 prioritized culture(s) in 0.107391 seconds
[2019.05.20-02.52.30:724][  0]LogUObjectArray: 39775 objects as part of root set at end of initial load.
[2019.05.20-02.52.30:724][  0]LogUObjectAllocator: 6914656 out of 0 bytes used by permanent object pool.
[2019.05.20-02.52.30:724][  0]LogUObjectArray: CloseDisregardForGC: 0/0 objects in disregard for GC pool
[2019.05.20-02.52.31:638][  0]LogTcpMessaging: Initializing TcpMessaging bridge
[2019.05.20-02.52.31:652][  0]LogUdpMessaging: Initializing bridge on interface 0.0.0.0:0 to multicast group 230.0.0.1:6666.
[2019.05.20-02.52.32:420][  0]SourceControl: Source control is disabled
[2019.05.20-02.52.32:420][  0]SourceControl: Source control is disabled
[2019.05.20-02.52.32:422][  0]SourceControl: Source control is disabled
[2019.05.20-02.52.32:423][  0]SourceControl: Source control is disabled
[2019.05.20-02.52.32:631][  0]LogAndroidPermission: UAndroidPermissionCallbackProxy::GetInstance
[2019.05.20-02.52.33:063][  0]LogOcInput: OculusInput pre-init called
[2019.05.20-02.52.33:196][  0]LogEngine: Initializing Engine...
[2019.05.20-02.52.33:197][  0]LogHMD: Failed to initialize OpenVR with code 110
[2019.05.20-02.52.33:200][  0]LogStats: UGameplayTagsManager::ConstructGameplayTagTree: ImportINI prefixes -  0.000 s
[2019.05.20-02.52.33:200][  0]LogStats: UGameplayTagsManager::ConstructGameplayTagTree: Construct from data asset -  0.000 s
[2019.05.20-02.52.33:201][  0]LogStats: UGameplayTagsManager::ConstructGameplayTagTree: ImportINI -  0.000 s
[2019.05.20-02.52.33:201][  0]LogStats: UGameplayTagsManager::ConstructGameplayTagTree: GameplayTagTreeChangedEvent.Broadcast -  0.000 s
[2019.05.20-02.52.33:492][  0]LogInit: Initializing FReadOnlyCVARCache
[2019.05.20-02.52.33:506][  0]LogAIModule: Creating AISystem for world Untitled
[2019.05.20-02.52.33:512][  0]LogInit: XAudio2 using 'Speakers (Realtek(R) Audio)' : 6 channels at 48 kHz using 32 bits per sample (channel mask 0x3f)
[2019.05.20-02.52.33:608][  0]LogInit: FAudioDevice initialized.
[2019.05.20-02.52.33:608][  0]LogNetVersion: Set ProjectVersion to 1.0.0.0. Version Checksum will be recalculated on next use.
[2019.05.20-02.52.33:670][  0]LogDerivedDataCache: Saved boot cache 0.06s 71MB C:/Users/yukii/AppData/Local/UnrealEngine/4.21/DerivedDataCache/Boot.ddc.
[2019.05.20-02.52.33:678][  0]LogInit: Texture streaming: Enabled
[2019.05.20-02.52.33:700][  0]LogEngineSessionManager: EngineSessionManager initialized
[2019.05.20-02.52.33:715][  0]LogInit: Transaction tracking system initialized
[2019.05.20-02.52.33:739][  0]BlueprintLog: New page: Editor Load
[2019.05.20-02.52.33:821][  0]LocalizationService: Localization service is disabled
[2019.05.20-02.52.34:299][  0]LogFileCache: Scanning file cache for directory 'D:/NYU/First Year Semester II/Level Design Studio/LevelDesignFinal/Proj_2/Content/' took 0.01s
[2019.05.20-02.52.34:300][  0]LogCook: Display: Max memory allowance for cook 16384mb min free memory 0mb
[2019.05.20-02.52.34:300][  0]LogCook: Display: Mobile HDR setting 1
[2019.05.20-02.52.34:300][  0]LogGameplayTags: Display: UGameplayTagsManager::DoneAddingNativeTags. DelegateIsBound: 0
[2019.05.20-02.52.34:300][  0]LogStats: UGameplayTagsManager::ConstructGameplayTagTree: ImportINI prefixes -  0.000 s
[2019.05.20-02.52.34:300][  0]LogStats: UGameplayTagsManager::ConstructGameplayTagTree: Construct from data asset -  0.000 s
[2019.05.20-02.52.34:300][  0]LogStats: UGameplayTagsManager::ConstructGameplayTagTree: ImportINI -  0.000 s
[2019.05.20-02.52.34:300][  0]LogStats: UGameplayTagsManager::ConstructGameplayTagTree: GameplayTagTreeChangedEvent.Broadcast -  0.000 s
[2019.05.20-02.52.34:443][  0]SourceControl: Source control is disabled
[2019.05.20-02.52.34:443][  0]Cmd: MAP LOAD FILE="../../../Engine/Content/Maps/Templates/Template_Default.umap" TEMPLATE=1 SHOWPROGRESS=1 FEATURELEVEL=3
[2019.05.20-02.52.34:444][  0]LightingResults: New page: Lighting Build
[2019.05.20-02.52.34:446][  0]MapCheck: New page: Map Check
[2019.05.20-02.52.34:446][  0]LightingResults: New page: Lighting Build
[2019.05.20-02.52.34:560][  0]LogAIModule: Creating AISystem for world Untitled_1
[2019.05.20-02.52.34:565][  0]LogEditorServer: Finished looking for orphan Actors (0.000 secs)
[2019.05.20-02.52.34:589][  0]Cmd: MAP CHECKDEP NOCLEARLOG
[2019.05.20-02.52.34:589][  0]MapCheck: Map check complete: 0 Error(s), 0 Warning(s), took 0.122ms to complete.
[2019.05.20-02.52.34:589][  0]LogFileHelpers: Loading map 'Template_Default' took 0.146
[2019.05.20-02.52.34:705][  0]LogSlate: Updating window title bar state: overlay mode, drag disabled, window buttons hidden, title bar hidden
[2019.05.20-02.52.34:711][  0]LogSlate: Updating window title bar state: overlay mode, drag disabled, window buttons hidden, title bar hidden
[2019.05.20-02.52.34:717][  0]LogSlate: Updating window title bar state: overlay mode, drag disabled, window buttons hidden, title bar hidden
[2019.05.20-02.52.34:723][  0]LogSlate: Updating window title bar state: overlay mode, drag disabled, window buttons hidden, title bar hidden
[2019.05.20-02.52.34:729][  0]LogCollectionManager: Loaded 0 collections in 0.001618 seconds
[2019.05.20-02.52.34:768][  0]LogFileCache: Scanning file cache for directory 'D:/NYU/First Year Semester II/Level Design Studio/LevelDesignFinal/Proj_2/Saved/Collections/' took 0.01s
[2019.05.20-02.52.34:768][  0]LogFileCache: Scanning file cache for directory 'D:/NYU/First Year Semester II/Level Design Studio/LevelDesignFinal/Proj_2/Content/Developers/yukii/Collections/' took 0.01s
[2019.05.20-02.52.34:768][  0]LogFileCache: Scanning file cache for directory 'D:/NYU/First Year Semester II/Level Design Studio/LevelDesignFinal/Proj_2/Content/Collections/' took 0.01s
[2019.05.20-02.52.34:768][  0]LogCollectionManager: Rebuilt the GUID cache for 0 collections in 0.000000 seconds
[2019.05.20-02.52.34:775][  0]LogContentBrowser: Native class hierarchy populated in 0.0070 seconds. Added 2651 classes and 620 folders.
[2019.05.20-02.52.34:781][  0]LogContentBrowser: Native class hierarchy updated for 'WidgetCarousel' in 0.0002 seconds. Added 0 classes and 0 folders.
[2019.05.20-02.52.34:782][  0]LogPakFile: Registered encryption key '00000000000000000000000000000000': 0 pak files mounted, 0 remain pending
[2019.05.20-02.52.34:783][  0]LogPakFile: Registered encryption key '00000000000000000000000000000000': 0 pak files mounted, 0 remain pending
[2019.05.20-02.52.34:783][  0]LogPakFile: Registered encryption key '00000000000000000000000000000000': 0 pak files mounted, 0 remain pending
[2019.05.20-02.52.34:784][  0]LogPakFile: Registered encryption key '00000000000000000000000000000000': 0 pak files mounted, 0 remain pending
[2019.05.20-02.52.34:784][  0]LogPakFile: Registered encryption key '00000000000000000000000000000000': 0 pak files mounted, 0 remain pending
[2019.05.20-02.52.34:785][  0]LogPakFile: Registered encryption key '00000000000000000000000000000000': 0 pak files mounted, 0 remain pending
[2019.05.20-02.52.34:785][  0]LogPakFile: Registered encryption key '00000000000000000000000000000000': 0 pak files mounted, 0 remain pending
[2019.05.20-02.52.34:786][  0]LogPakFile: Registered encryption key '00000000000000000000000000000000': 0 pak files mounted, 0 remain pending
[2019.05.20-02.52.34:786][  0]LogPakFile: Registered encryption key '00000000000000000000000000000000': 0 pak files mounted, 0 remain pending
[2019.05.20-02.52.34:787][  0]LogPakFile: Registered encryption key '00000000000000000000000000000000': 0 pak files mounted, 0 remain pending
[2019.05.20-02.52.34:787][  0]LogPakFile: Registered encryption key '00000000000000000000000000000000': 0 pak files mounted, 0 remain pending
[2019.05.20-02.52.34:788][  0]LogPakFile: Registered encryption key '00000000000000000000000000000000': 0 pak files mounted, 0 remain pending
[2019.05.20-02.52.34:788][  0]LogPakFile: Registered encryption key '00000000000000000000000000000000': 0 pak files mounted, 0 remain pending
[2019.05.20-02.52.34:789][  0]LogPakFile: Registered encryption key '00000000000000000000000000000000': 0 pak files mounted, 0 remain pending
[2019.05.20-02.52.34:790][  0]LogPakFile: Registered encryption key '00000000000000000000000000000000': 0 pak files mounted, 0 remain pending
[2019.05.20-02.52.34:790][  0]LogPakFile: Registered encryption key '00000000000000000000000000000000': 0 pak files mounted, 0 remain pending
[2019.05.20-02.52.34:791][  0]LogPakFile: Registered encryption key '00000000000000000000000000000000': 0 pak files mounted, 0 remain pending
[2019.05.20-02.52.34:791][  0]LogPakFile: Registered encryption key '00000000000000000000000000000000': 0 pak files mounted, 0 remain pending
[2019.05.20-02.52.34:792][  0]LogPakFile: Registered encryption key '00000000000000000000000000000000': 0 pak files mounted, 0 remain pending
[2019.05.20-02.52.34:792][  0]LogPakFile: Registered encryption key '00000000000000000000000000000000': 0 pak files mounted, 0 remain pending
[2019.05.20-02.52.34:793][  0]LogPakFile: Registered encryption key '00000000000000000000000000000000': 0 pak files mounted, 0 remain pending
[2019.05.20-02.52.34:793][  0]LogPakFile: Registered encryption key '00000000000000000000000000000000': 0 pak files mounted, 0 remain pending
[2019.05.20-02.52.34:794][  0]LogPakFile: Registered encryption key '00000000000000000000000000000000': 0 pak files mounted, 0 remain pending
[2019.05.20-02.52.34:794][  0]LogPakFile: Registered encryption key '00000000000000000000000000000000': 0 pak files mounted, 0 remain pending
[2019.05.20-02.52.34:795][  0]LogPakFile: Registered encryption key '00000000000000000000000000000000': 0 pak files mounted, 0 remain pending
[2019.05.20-02.52.34:795][  0]LogPakFile: Registered encryption key '00000000000000000000000000000000': 0 pak files mounted, 0 remain pending
[2019.05.20-02.52.34:839][  0]LogContentBrowser: Native class hierarchy updated for 'AddContentDialog' in 0.0002 seconds. Added 0 classes and 0 folders.
[2019.05.20-02.52.34:843][  0]LogContentBrowser: Native class hierarchy updated for 'SceneOutliner' in 0.0002 seconds. Added 1 classes and 2 folders.
[2019.05.20-02.52.34:858][  0]LogSlate: Took 0.000352 seconds to synchronously load lazily loaded font '../../../Engine/Content/Slate/Fonts/Roboto-Regular.ttf' (155K)
[2019.05.20-02.52.34:860][  0]LogSlate: Took 0.000175 seconds to synchronously load lazily loaded font '../../../Engine/Content/Slate/Fonts/Roboto-Bold.ttf' (160K)
[2019.05.20-02.52.34:864][  0]LogSlate: Took 0.000365 seconds to synchronously load lazily loaded font '../../../Engine/Content/Editor/Slate/Fonts/FontAwesome.ttf' (139K)
[2019.05.20-02.52.34:943][  0]LogRenderer: Reallocating scene render targets to support 964x436 Format 10 NumSamples 1 (Frame:1).
[2019.05.20-02.52.35:180][  0]LogContentBrowser: Native class hierarchy updated for 'HierarchicalLODOutliner' in 0.0003 seconds. Added 0 classes and 0 folders.
[2019.05.20-02.52.35:180][  0]LogLoad: (Engine Initialization) Total time: 10.83 seconds
[2019.05.20-02.52.35:180][  0]LogLoad: (Engine Initialization) Total Blueprint compile time: 0.00 seconds
[2019.05.20-02.52.35:259][  0]LogContentStreaming: Texture pool size now 1000 MB
[2019.05.20-02.52.35:305][  1]LogAssetRegistry: Asset discovery search completed in 5.5871 seconds
[2019.05.20-02.52.35:306][  1]LogCollectionManager: Rebuilt the object cache for 0 collections in 0.000000 seconds (found 0 objects)
[2019.05.20-02.52.35:306][  1]LogCollectionManager: Fixed up redirectors for 0 collections in 0.000058 seconds (updated 0 objects)
[2019.05.20-02.52.35:504][  1]LogSlate: Took 0.000154 seconds to synchronously load lazily loaded font '../../../Engine/Content/Slate/Fonts/Roboto-Light.ttf' (167K)
[2019.05.20-02.52.55:934][148]LogSlate: FSceneViewport::OnFocusLost() reason 0
[2019.05.20-02.52.58:609][303]LogSlate: Took 0.000211 seconds to synchronously load lazily loaded font '../../../Engine/Content/Slate/Fonts/Roboto-Light.ttf' (167K)
[2019.05.20-02.53.00:698][303]LogAIModule: Creating AISystem for world Midterm
[2019.05.20-02.53.00:820][303]LogAssetEditorManager: Opening Asset editor for World /Game/Midterm.Midterm
[2019.05.20-02.53.00:902][303]Cmd: MAP LOAD FILE="D:/NYU/First Year Semester II/Level Design Studio/LevelDesignFinal/Proj_2/Content/Midterm.umap" TEMPLATE=0 SHOWPROGRESS=1 FEATURELEVEL=3
[2019.05.20-02.53.00:902][303]LightingResults: New page: Lighting Build
[2019.05.20-02.53.00:903][303]LoadErrors: New page: Loading map: Midterm.umap
[2019.05.20-02.53.00:904][303]MapCheck: New page: Map Check
[2019.05.20-02.53.00:904][303]LightingResults: New page: Lighting Build
[2019.05.20-02.53.01:010][303]LogEditorServer: Finished looking for orphan Actors (0.000 secs)
[2019.05.20-02.53.01:113][303]Cmd: MAP CHECKDEP NOCLEARLOG
[2019.05.20-02.53.01:113][303]MapCheck: Map check complete: 0 Error(s), 0 Warning(s), took 0.435ms to complete.
[2019.05.20-02.53.01:113][303]LogFileHelpers: Loading map 'Midterm' took 0.211
[2019.05.20-02.53.01:631][305]PIE: Warning: Constraint in '/Engine/Transient.World_3:PersistentLevel.OfficeDoor_Blueprint_C_0.PhysicsConstraint' attempting to create a joint between objects that are both static.  No joint created.
[2019.05.20-02.53.01:631][305]PIE: Warning: Constraint in '/Engine/Transient.World_3:PersistentLevel.OfficeDoor_Blueprint_C_0.PhysicsConstraint1' attempting to create a joint between objects that are both static.  No joint created.
[2019.05.20-02.53.01:645][305]LogRenderer: Reallocating scene render targets to support 1024x436 Format 10 NumSamples 1 (Frame:1).
[2019.05.20-02.53.03:275][372]Cmd: POLY SELECT MEMORY UNION
[2019.05.20-02.53.04:073][412]LogSlate: FSceneViewport::OnFocusLost() reason 0
[2019.05.20-02.53.04:173][418]LogTemp: Repeating last play command: Selected Viewport
[2019.05.20-02.53.04:186][418]LogBlueprintUserMessages: Early PlayInEditor Detection: Level '/Game/Midterm.Midterm:PersistentLevel' has LevelScriptBlueprint '/Game/Midterm.Midterm:PersistentLevel.Midterm' with GeneratedClass '/Game/Midterm.Midterm_C' with ClassGeneratedBy '/Game/Midterm.Midterm:PersistentLevel.Midterm'
[2019.05.20-02.53.04:187][418]LogPlayLevel: PlayLevel: No blueprints needed recompiling
[2019.05.20-02.53.04:187][418]PIE: New page: PIE session: Midterm (May 19, 2019, 6:53:04 PM)
[2019.05.20-02.53.04:200][418]LogPlayLevel: Creating play world package: /Game/UEDPIE_0_Midterm
[2019.05.20-02.53.04:316][418]LogPlayLevel: PIE: StaticDuplicateObject took: (0.115837s)
[2019.05.20-02.53.04:316][418]LogAIModule: Creating AISystem for world Midterm
[2019.05.20-02.53.04:316][418]LogPlayLevel: PIE: World Init took: (0.000552s)
[2019.05.20-02.53.04:317][418]LogPlayLevel: PIE: Created PIE world by copying editor world from /Game/Midterm.Midterm to /Game/UEDPIE_0_Midterm.Midterm (0.117616s)
[2019.05.20-02.53.04:345][418]LogInit: XAudio2 using 'Speakers (Realtek(R) Audio)' : 6 channels at 48 kHz using 32 bits per sample (channel mask 0x3f)
[2019.05.20-02.53.04:439][418]LogInit: FAudioDevice initialized.
[2019.05.20-02.53.04:483][418]LogLoad: Game class is 'MyGameMode_C'
[2019.05.20-02.53.04:521][418]LogWorld: Bringing World /Game/UEDPIE_0_Midterm.Midterm up for play (max tick rate 60) at 2019.05.19-22.53.04
[2019.05.20-02.53.04:524][418]LogWorld: Bringing up level for play took: 0.039705
[2019.05.20-02.53.04:542][418]LogContentBrowser: Native class hierarchy updated for 'MovieSceneCapture' in 0.0003 seconds. Added 20 classes and 0 folders.
[2019.05.20-02.53.04:544][418]Cmd: DISABLEALLSCREENMESSAGES
[2019.05.20-02.53.04:545][418]LogEngine: Onscreen warnings/messages are now DISABLED
[2019.05.20-02.53.04:545][418]PIE: Play in editor start time for /Game/UEDPIE_0_Midterm -0.065
[2019.05.20-02.53.04:546][418]LogBlueprintUserMessages: Late PlayInEditor Detection: Level '/Game/Midterm.Midterm:PersistentLevel' has LevelScriptBlueprint '/Game/Midterm.Midterm:PersistentLevel.Midterm' with GeneratedClass '/Game/Midterm.Midterm_C' with ClassGeneratedBy '/Game/Midterm.Midterm:PersistentLevel.Midterm'
[2019.05.20-02.53.04:575][419]LogCharacterMovement: Warning: GetSimulationTimeStep() - Max iterations 8 hit while remaining time 0.074644 > MaxSimulationTimeStep (0.050) for 'MyPlayerCharacter_C_0', movement 'Walking'
[2019.05.20-02.53.28:423][751]LogBlueprintUserMessages: Early EndPlayMap Detection: Level '/Game/Midterm.Midterm:PersistentLevel' has LevelScriptBlueprint '/Game/Midterm.Midterm:PersistentLevel.Midterm' with GeneratedClass '/Game/Midterm.Midterm_C' with ClassGeneratedBy '/Game/Midterm.Midterm:PersistentLevel.Midterm'
[2019.05.20-02.53.28:424][751]LogSlate: Updating window title bar state: overlay mode, drag disabled, window buttons hidden, title bar hidden
[2019.05.20-02.53.28:590][751]LogPlayLevel: Display: Shutting down PIE online subsystems
[2019.05.20-02.53.28:592][751]LogBlueprintUserMessages: Late EndPlayMap Detection: Level '/Game/Midterm.Midterm:PersistentLevel' has LevelScriptBlueprint '/Game/Midterm.Midterm:PersistentLevel.Midterm' with GeneratedClass '/Game/Midterm.Midterm_C' with ClassGeneratedBy '/Game/Midterm.Midterm:PersistentLevel.Midterm'
[2019.05.20-02.53.28:641][751]LogSlate: Updating window title bar state: overlay mode, drag disabled, window buttons hidden, title bar hidden
[2019.05.20-02.53.28:702][752]LogPlayLevel: Display: Destroying online subsystem :Context_6
[2019.05.20-02.53.31:406][850]LogEditorViewport: Clicking on Actor (LMB): StaticMeshActor (SM_BlockMeshPrototypeModules_SM_Block_WallDoorway250x306)
[2019.05.20-02.53.33:292][933]LogSlate: FSceneViewport::OnFocusLost() reason 0
[2019.05.20-02.53.33:512][945]LogAssetEditorManager: Opening Asset editor for StaticMesh /Game/DOOR_STUFF/SM_BlockMeshPrototypeModules_SM_Block_WallDoorway250x300.SM_BlockMeshPrototypeModules_SM_Block_WallDoorway250x300
[2019.05.20-02.53.38:751][142]LogSlate: Window 'SM_BlockMeshPrototypeModules_SM_Block_WallDoorway250x300' being destroyed
[2019.05.20-02.53.38:764][142]LogSlate: Window 'SM_BlockMeshPrototypeModules_SM_Block_WallDoorway250x300' being destroyed
[2019.05.20-02.53.47:461][523]LogSlate: FSceneViewport::OnFocusLost() reason 0
[2019.05.20-02.53.53:595][793]LogSlate: FSceneViewport::OnFocusLost() reason 0
[2019.05.20-02.53.53:812][802]LogAssetEditorManager: Opening Asset editor for Blueprint /Game/MyPlayerCharacter.MyPlayerCharacter
[2019.05.20-02.53.54:249][802]LogContentBrowser: Native class hierarchy updated for 'BlueprintGraph' in 0.0006 seconds. Added 117 classes and 0 folders.
[2019.05.20-02.53.54:914][802]LogSlate: Took 0.000883 seconds to synchronously load lazily loaded font '../../../Engine/Content/Slate/Fonts/Roboto-BoldCondensed.ttf' (158K)
[2019.05.20-02.53.55:023][803]LogSlate: Took 0.000237 seconds to synchronously load lazily loaded font '../../../Engine/Content/Slate/Fonts/Roboto-Italic.ttf' (157K)
[2019.05.20-02.54.20:752][105]LogRenderer: Reallocating scene render targets to support 1024x540 Format 10 NumSamples 1 (Frame:1).
[2019.05.20-02.54.25:430][360]LogSlate: FSceneViewport::OnFocusLost() reason 0
[2019.05.20-02.54.29:734][577]BlueprintLog: New page: Compile MyPlayerCharacter
[2019.05.20-02.54.31:707][658]Cmd: OBJ SAVEPACKAGE PACKAGE="/Game/MyPlayerCharacter" FILE="D:/NYU/First Year Semester II/Level Design Studio/LevelDesignFinal/Proj_2/Content/MyPlayerCharacter.uasset" SILENT=true
[2019.05.20-02.54.31:736][658]LogSavePackage: Moving 'D:/NYU/First Year Semester II/Level Design Studio/LevelDesignFinal/Proj_2/Saved/MyPlayerCharacter9D5225664ED33AA82D7D6BA63E342BBF.tmp' to 'D:/NYU/First Year Semester II/Level Design Studio/LevelDesignFinal/Proj_2/Content/MyPlayerCharacter.uasset'
[2019.05.20-02.54.33:689][770]LogTemp: Repeating last play command: Selected Viewport
[2019.05.20-02.54.33:705][770]LogBlueprintUserMessages: Early PlayInEditor Detection: Level '/Game/Midterm.Midterm:PersistentLevel' has LevelScriptBlueprint '/Game/Midterm.Midterm:PersistentLevel.Midterm' with GeneratedClass '/Game/Midterm.Midterm_C' with ClassGeneratedBy '/Game/Midterm.Midterm:PersistentLevel.Midterm'
[2019.05.20-02.54.33:705][770]LogPlayLevel: PlayLevel: No blueprints needed recompiling
[2019.05.20-02.54.33:705][770]PIE: New page: PIE session: Midterm (May 19, 2019, 6:54:33 PM)
[2019.05.20-02.54.33:705][770]LogPlayLevel: Creating play world package: /Game/UEDPIE_0_Midterm
[2019.05.20-02.54.33:815][770]LogPlayLevel: PIE: StaticDuplicateObject took: (0.109521s)
[2019.05.20-02.54.33:815][770]LogAIModule: Creating AISystem for world Midterm
[2019.05.20-02.54.33:815][770]LogPlayLevel: PIE: World Init took: (0.000501s)
[2019.05.20-02.54.33:815][770]LogPlayLevel: PIE: Created PIE world by copying editor world from /Game/Midterm.Midterm to /Game/UEDPIE_0_Midterm.Midterm (0.110488s)
[2019.05.20-02.54.33:844][770]LogInit: XAudio2 using 'Speakers (Realtek(R) Audio)' : 6 channels at 48 kHz using 32 bits per sample (channel mask 0x3f)
[2019.05.20-02.54.33:940][770]LogInit: FAudioDevice initialized.
[2019.05.20-02.54.33:973][770]LogLoad: Game class is 'MyGameMode_C'
[2019.05.20-02.54.34:016][770]LogWorld: Bringing World /Game/UEDPIE_0_Midterm.Midterm up for play (max tick rate 60) at 2019.05.19-22.54.34
[2019.05.20-02.54.34:019][770]LogWorld: Bringing up level for play took: 0.045232
[2019.05.20-02.54.34:033][770]Cmd: DISABLEALLSCREENMESSAGES
[2019.05.20-02.54.34:034][770]LogEngine: Onscreen warnings/messages are now DISABLED
[2019.05.20-02.54.34:034][770]PIE: Play in editor start time for /Game/UEDPIE_0_Midterm -0.576
[2019.05.20-02.54.34:035][770]LogBlueprintUserMessages: Late PlayInEditor Detection: Level '/Game/Midterm.Midterm:PersistentLevel' has LevelScriptBlueprint '/Game/Midterm.Midterm:PersistentLevel.Midterm' with GeneratedClass '/Game/Midterm.Midterm_C' with ClassGeneratedBy '/Game/Midterm.Midterm:PersistentLevel.Midterm'
[2019.05.20-02.55.11:560][230]LogBlueprintUserMessages: Early EndPlayMap Detection: Level '/Game/Midterm.Midterm:PersistentLevel' has LevelScriptBlueprint '/Game/Midterm.Midterm:PersistentLevel.Midterm' with GeneratedClass '/Game/Midterm.Midterm_C' with ClassGeneratedBy '/Game/Midterm.Midterm:PersistentLevel.Midterm'
[2019.05.20-02.55.11:561][230]LogSlate: Updating window title bar state: overlay mode, drag disabled, window buttons hidden, title bar hidden
[2019.05.20-02.55.11:739][230]LogPlayLevel: Display: Shutting down PIE online subsystems
[2019.05.20-02.55.11:740][230]LogBlueprintUserMessages: Late EndPlayMap Detection: Level '/Game/Midterm.Midterm:PersistentLevel' has LevelScriptBlueprint '/Game/Midterm.Midterm:PersistentLevel.Midterm' with GeneratedClass '/Game/Midterm.Midterm_C' with ClassGeneratedBy '/Game/Midterm.Midterm:PersistentLevel.Midterm'
[2019.05.20-02.55.11:782][230]LogSlate: Updating window title bar state: overlay mode, drag disabled, window buttons hidden, title bar hidden
[2019.05.20-02.55.11:848][231]LogPlayLevel: Display: Destroying online subsystem :Context_9
[2019.05.20-02.55.14:529][317]LogSlate: FSceneViewport::OnFocusLost() reason 2
[2019.05.20-02.55.16:505][401]LogSlate: FSceneViewport::OnFocusLost() reason 0
[2019.05.20-02.55.22:904][701]BlueprintLog: New page: Compile MyPlayerCharacter
[2019.05.20-02.55.23:595][716]Cmd: OBJ SAVEPACKAGE PACKAGE="/Game/MyPlayerCharacter" FILE="D:/NYU/First Year Semester II/Level Design Studio/LevelDesignFinal/Proj_2/Content/MyPlayerCharacter.uasset" SILENT=true
[2019.05.20-02.55.23:622][716]LogSavePackage: Moving 'D:/NYU/First Year Semester II/Level Design Studio/LevelDesignFinal/Proj_2/Saved/MyPlayerCharacter7F733E1B4A4F649FEBA79E8AC12FCA5B.tmp' to 'D:/NYU/First Year Semester II/Level Design Studio/LevelDesignFinal/Proj_2/Content/MyPlayerCharacter.uasset'
[2019.05.20-02.55.24:739][774]LogSlate: FSceneViewport::OnFocusLost() reason 0
[2019.05.20-02.55.25:641][823]LogEditorViewport: Clicking on Actor (context menu): RevolvingDoor_Blueprint2_C (RevolvingDoor_Blueprint2)
[2019.05.20-02.55.25:893][823]LogSlate: FSceneViewport::OnFocusLost() reason 2
[2019.05.20-02.55.26:672][847]LogEditorViewport: Clicking on Actor (LMB): RevolvingDoor_Blueprint2_C (RevolvingDoor_Blueprint2)
[2019.05.20-02.55.27:755][894]LogSlate: FSceneViewport::OnFocusLost() reason 0
[2019.05.20-02.55.27:837][899]LogTemp: Repeating last play command: Selected Viewport
[2019.05.20-02.55.27:851][899]LogBlueprintUserMessages: Early PlayInEditor Detection: Level '/Game/Midterm.Midterm:PersistentLevel' has LevelScriptBlueprint '/Game/Midterm.Midterm:PersistentLevel.Midterm' with GeneratedClass '/Game/Midterm.Midterm_C' with ClassGeneratedBy '/Game/Midterm.Midterm:PersistentLevel.Midterm'
[2019.05.20-02.55.27:851][899]LogPlayLevel: PlayLevel: No blueprints needed recompiling
[2019.05.20-02.55.27:851][899]PIE: New page: PIE session: Midterm (May 19, 2019, 6:55:27 PM)
[2019.05.20-02.55.27:851][899]LogPlayLevel: Creating play world package: /Game/UEDPIE_0_Midterm
[2019.05.20-02.55.27:964][899]LogPlayLevel: PIE: StaticDuplicateObject took: (0.112244s)
[2019.05.20-02.55.27:964][899]LogAIModule: Creating AISystem for world Midterm
[2019.05.20-02.55.27:965][899]LogPlayLevel: PIE: World Init took: (0.000535s)
[2019.05.20-02.55.27:965][899]LogPlayLevel: PIE: Created PIE world by copying editor world from /Game/Midterm.Midterm to /Game/UEDPIE_0_Midterm.Midterm (0.113201s)
[2019.05.20-02.55.27:995][899]LogInit: XAudio2 using 'Speakers (Realtek(R) Audio)' : 6 channels at 48 kHz using 32 bits per sample (channel mask 0x3f)
[2019.05.20-02.55.28:093][899]LogInit: FAudioDevice initialized.
[2019.05.20-02.55.28:122][899]LogLoad: Game class is 'MyGameMode_C'
[2019.05.20-02.55.28:160][899]LogWorld: Bringing World /Game/UEDPIE_0_Midterm.Midterm up for play (max tick rate 60) at 2019.05.19-22.55.28
[2019.05.20-02.55.28:163][899]LogWorld: Bringing up level for play took: 0.039203
[2019.05.20-02.55.28:177][899]Cmd: DISABLEALLSCREENMESSAGES
[2019.05.20-02.55.28:177][899]LogEngine: Onscreen warnings/messages are now DISABLED
[2019.05.20-02.55.28:178][899]PIE: Play in editor start time for /Game/UEDPIE_0_Midterm -0.432
[2019.05.20-02.55.28:179][899]LogBlueprintUserMessages: Late PlayInEditor Detection: Level '/Game/Midterm.Midterm:PersistentLevel' has LevelScriptBlueprint '/Game/Midterm.Midterm:PersistentLevel.Midterm' with GeneratedClass '/Game/Midterm.Midterm_C' with ClassGeneratedBy '/Game/Midterm.Midterm:PersistentLevel.Midterm'
[2019.05.20-02.55.45:740][133]LogBlueprintUserMessages: [CollectibleBlueprint20] 1
[2019.05.20-02.55.51:570][218]LogBlueprintUserMessages: [CollectibleBlueprint21] 2
[2019.05.20-02.56.01:870][346]LogBlueprintUserMessages: Early EndPlayMap Detection: Level '/Game/Midterm.Midterm:PersistentLevel' has LevelScriptBlueprint '/Game/Midterm.Midterm:PersistentLevel.Midterm' with GeneratedClass '/Game/Midterm.Midterm_C' with ClassGeneratedBy '/Game/Midterm.Midterm:PersistentLevel.Midterm'
[2019.05.20-02.56.01:870][346]LogSlate: Updating window title bar state: overlay mode, drag disabled, window buttons hidden, title bar hidden
[2019.05.20-02.56.02:050][346]LogPlayLevel: Display: Shutting down PIE online subsystems
[2019.05.20-02.56.02:050][346]LogBlueprintUserMessages: Late EndPlayMap Detection: Level '/Game/Midterm.Midterm:PersistentLevel' has LevelScriptBlueprint '/Game/Midterm.Midterm:PersistentLevel.Midterm' with GeneratedClass '/Game/Midterm.Midterm_C' with ClassGeneratedBy '/Game/Midterm.Midterm:PersistentLevel.Midterm'
[2019.05.20-02.56.02:086][346]LogSlate: Updating window title bar state: overlay mode, drag disabled, window buttons hidden, title bar hidden
[2019.05.20-02.56.02:134][347]LogPlayLevel: Display: Destroying online subsystem :Context_10
[2019.05.20-02.56.09:434][583]LogEditorViewport: Clicking on Actor (LMB): StaticMeshActor (SM_BlockMeshPrototypeModules_SM_Block_Floor507)
[2019.05.20-02.56.11:466][645]LogEditorViewport: Clicking on Actor (LMB): StaticMeshActor (SM_BlockMeshPrototypeModules_SM_Block_Floor526)
[2019.05.20-02.56.11:963][668]LogEditorViewport: Clicking on Actor (LMB): StaticMeshActor (SM_BlockMeshPrototypeModules_SM_Block_Floor510)
[2019.05.20-02.56.18:583][874]LogEditorViewport: Clicking on Actor (LMB): StaticMeshActor (SM_BlockMeshPrototypeModules_SM_Block_Floor510)
[2019.05.20-02.56.19:600][915]LogEditorViewport: Clicking on Actor (LMB): StaticMeshActor (SM_BlockMeshPrototypeModules_SM_Block_Floor546)
[2019.05.20-02.56.24:671][108]LogSlate: FSceneViewport::OnFocusLost() reason 2
[2019.05.20-02.56.26:177][189]LogSlate: FSceneViewport::OnFocusLost() reason 2
[2019.05.20-02.56.26:194][189]Cmd: OBJ SAVEPACKAGE PACKAGE="/Game/Midterm" FILE="D:/NYU/First Year Semester II/Level Design Studio/LevelDesignFinal/Proj_2/Content/Midterm.umap" SILENT=true AUTOSAVING=false KEEPDIRTY=false
[2019.05.20-02.56.28:199][189]LogSavePackage: Moving 'D:/NYU/First Year Semester II/Level Design Studio/LevelDesignFinal/Proj_2/Saved/Midterm0A0837584D66A1E05FCAB298130C3DEA.tmp' to 'D:/NYU/First Year Semester II/Level Design Studio/LevelDesignFinal/Proj_2/Content/Midterm.umap'
[2019.05.20-02.56.28:220][189]LogFileHelpers: Saving map 'Midterm' took 2.027
